============================= test session starts =============================
platform win32 -- Python 3.11.9, pytest-9.0.1, pluggy-1.6.0 -- C:\Users\zzs_a\AppData\Local\Programs\Python\Python311\python.exe
cachedir: .pytest_cache
rootdir: D:\ADCToolbox\python
configfile: pyproject.toml
collecting ... collected 4 items

python\tests\run_full_test_suite.py::test_full_suite_common PASSED       [ 25%]
python\tests\run_full_test_suite.py::test_full_suite_analog FAILED       [ 50%]
python\tests\run_full_test_suite.py::test_full_suite_digital FAILED      [ 75%]
python\tests\run_full_test_suite.py::test_full_suite_all FAILED          [100%]

================================== FAILURES ===================================
___________________________ test_full_suite_analog ____________________________

project_root = WindowsPath('D:/ADCToolbox')

    def test_full_suite_analog(project_root):
        """
        Run full test suite for analog output (aout) tests:
        1. Generate outputs (unit tests)
        2. Validate against MATLAB (comparison tests)
        """
        print("\n" + "=" * 70)
        print("ANALOG OUTPUT (AOUT) TEST SUITE")
        print("=" * 70)
    
        # Step 1: Generate Python outputs
        print("\n[STEP 1/2] Running unit tests to generate outputs...")
        print("-" * 70)
    
        unit_tests = [
            "tests/unit/test_spec_plot.py",
            "tests/unit/test_spec_plot_phase.py",
            "tests/unit/test_err_hist_sine_code.py",
            "tests/unit/test_err_hist_sine_phase.py",
            "tests/unit/test_tom_decomp.py",
            "tests/unit/test_err_pdf.py",
            "tests/unit/test_err_auto_correlation.py",
            "tests/unit/test_err_spectrum.py",
            "tests/unit/test_err_envelope_spectrum.py",
            "tests/unit/test_inl_sine.py",
        ]
    
        for test in unit_tests:
            test_path = project_root / "python" / test
            if test_path.exists():
                print(f"\nRunning: {test}")
                result = pytest.main(["-xvs", str(test_path)])
                if result != 0:
                    raise AssertionError(f"Unit test failed: {test}")
            else:
                print(f"\n[SKIP] Test not found: {test}")
    
        # Step 2: Run comparison tests
        print("\n[STEP 2/2] Running comparison tests...")
        print("-" * 70)
    
        comparison_tests = [
            "tests/compare/test_compare_spec_plot.py",
            "tests/compare/test_compare_spec_plot_phase.py",
            "tests/compare/test_compare_err_hist_sine_code.py",
            "tests/compare/test_compare_err_hist_sine_phase.py",
        ]
    
        for test in comparison_tests:
            test_path = project_root / "python" / test
            if test_path.exists():
                print(f"\nRunning: {test}")
                result = pytest.main(["-xvs", str(test_path)])
                if result != 0:
>                   raise AssertionError(f"Comparison test failed: {test}")
E                   AssertionError: Comparison test failed: tests/compare/test_compare_err_hist_sine_phase.py

python\tests\run_full_test_suite.py:125: AssertionError
---------------------------- Captured stdout call -----------------------------

======================================================================
ANALOG OUTPUT (AOUT) TEST SUITE
======================================================================

[STEP 1/2] Running unit tests to generate outputs...
----------------------------------------------------------------------

Running: tests/unit/test_spec_plot.py
============================= test session starts =============================
platform win32 -- Python 3.11.9, pytest-9.0.1, pluggy-1.6.0 -- C:\Users\zzs_a\AppData\Local\Programs\Python\Python311\python.exe
cachedir: .pytest_cache
rootdir: D:\ADCToolbox\python
configfile: pyproject.toml
collecting ... collected 1 item

python\tests\unit\test_spec_plot.py::test_spec_plot [auto_search_files] [6] files in [D:\ADCToolbox\dataset\aout\sinewave] matching [sinewave_*.csv]
[1/6] Processing [sinewave_INL_k2_0P0025_k3_0P0050.csv]
  [save_variable] -> [D:\ADCToolbox\test_output\sinewave_INL_k2_0P0025_k3_0P0050\test_spec_plot\ENoB_python.csv]
  [save_variable] -> [D:\ADCToolbox\test_output\sinewave_INL_k2_0P0025_k3_0P0050\test_spec_plot\SNDR_python.csv]
  [save_variable] -> [D:\ADCToolbox\test_output\sinewave_INL_k2_0P0025_k3_0P0050\test_spec_plot\SFDR_python.csv]
  [save_variable] -> [D:\ADCToolbox\test_output\sinewave_INL_k2_0P0025_k3_0P0050\test_spec_plot\SNR_python.csv]
  [save_variable] -> [D:\ADCToolbox\test_output\sinewave_INL_k2_0P0025_k3_0P0050\test_spec_plot\THD_python.csv]
  [save_variable] -> [D:\ADCToolbox\test_output\sinewave_INL_k2_0P0025_k3_0P0050\test_spec_plot\pwr_python.csv]
  [save_variable] -> [D:\ADCToolbox\test_output\sinewave_INL_k2_0P0025_k3_0P0050\test_spec_plot\NF_python.csv]
  [save_fig] -> [D:\ADCToolbox\test_output\sinewave_INL_k2_0P0025_k3_0P0050\test_spec_plot\spectrum_python.png]
[2/6] Processing [sinewave_gain_error_0P9860.csv]
  [save_variable] -> [D:\ADCToolbox\test_output\sinewave_gain_error_0P9860\test_spec_plot\ENoB_python.csv]
  [save_variable] -> [D:\ADCToolbox\test_output\sinewave_gain_error_0P9860\test_spec_plot\SNDR_python.csv]
  [save_variable] -> [D:\ADCToolbox\test_output\sinewave_gain_error_0P9860\test_spec_plot\SFDR_python.csv]
  [save_variable] -> [D:\ADCToolbox\test_output\sinewave_gain_error_0P9860\test_spec_plot\SNR_python.csv]
  [save_variable] -> [D:\ADCToolbox\test_output\sinewave_gain_error_0P9860\test_spec_plot\THD_python.csv]
  [save_variable] -> [D:\ADCToolbox\test_output\sinewave_gain_error_0P9860\test_spec_plot\pwr_python.csv]
  [save_variable] -> [D:\ADCToolbox\test_output\sinewave_gain_error_0P9860\test_spec_plot\NF_python.csv]
  [save_fig] -> [D:\ADCToolbox\test_output\sinewave_gain_error_0P9860\test_spec_plot\spectrum_python.png]
[3/6] Processing [sinewave_jitter_400fs.csv]
  [save_variable] -> [D:\ADCToolbox\test_output\sinewave_jitter_400fs\test_spec_plot\ENoB_python.csv]
  [save_variable] -> [D:\ADCToolbox\test_output\sinewave_jitter_400fs\test_spec_plot\SNDR_python.csv]
  [save_variable] -> [D:\ADCToolbox\test_output\sinewave_jitter_400fs\test_spec_plot\SFDR_python.csv]
  [save_variable] -> [D:\ADCToolbox\test_output\sinewave_jitter_400fs\test_spec_plot\SNR_python.csv]
  [save_variable] -> [D:\ADCToolbox\test_output\sinewave_jitter_400fs\test_spec_plot\THD_python.csv]
  [save_variable] -> [D:\ADCToolbox\test_output\sinewave_jitter_400fs\test_spec_plot\pwr_python.csv]
  [save_variable] -> [D:\ADCToolbox\test_output\sinewave_jitter_400fs\test_spec_plot\NF_python.csv]
  [save_fig] -> [D:\ADCToolbox\test_output\sinewave_jitter_400fs\test_spec_plot\spectrum_python.png]
[4/6] Processing [sinewave_kickback_0P014.csv]
  [save_variable] -> [D:\ADCToolbox\test_output\sinewave_kickback_0P014\test_spec_plot\ENoB_python.csv]
  [save_variable] -> [D:\ADCToolbox\test_output\sinewave_kickback_0P014\test_spec_plot\SNDR_python.csv]
  [save_variable] -> [D:\ADCToolbox\test_output\sinewave_kickback_0P014\test_spec_plot\SFDR_python.csv]
  [save_variable] -> [D:\ADCToolbox\test_output\sinewave_kickback_0P014\test_spec_plot\SNR_python.csv]
  [save_variable] -> [D:\ADCToolbox\test_output\sinewave_kickback_0P014\test_spec_plot\THD_python.csv]
  [save_variable] -> [D:\ADCToolbox\test_output\sinewave_kickback_0P014\test_spec_plot\pwr_python.csv]
  [save_variable] -> [D:\ADCToolbox\test_output\sinewave_kickback_0P014\test_spec_plot\NF_python.csv]
  [save_fig] -> [D:\ADCToolbox\test_output\sinewave_kickback_0P014\test_spec_plot\spectrum_python.png]
[5/6] Processing [sinewave_kickback_0P050.csv]
  [save_variable] -> [D:\ADCToolbox\test_output\sinewave_kickback_0P050\test_spec_plot\ENoB_python.csv]
  [save_variable] -> [D:\ADCToolbox\test_output\sinewave_kickback_0P050\test_spec_plot\SNDR_python.csv]
  [save_variable] -> [D:\ADCToolbox\test_output\sinewave_kickback_0P050\test_spec_plot\SFDR_python.csv]
  [save_variable] -> [D:\ADCToolbox\test_output\sinewave_kickback_0P050\test_spec_plot\SNR_python.csv]
  [save_variable] -> [D:\ADCToolbox\test_output\sinewave_kickback_0P050\test_spec_plot\THD_python.csv]
  [save_variable] -> [D:\ADCToolbox\test_output\sinewave_kickback_0P050\test_spec_plot\pwr_python.csv]
  [save_variable] -> [D:\ADCToolbox\test_output\sinewave_kickback_0P050\test_spec_plot\NF_python.csv]
  [save_fig] -> [D:\ADCToolbox\test_output\sinewave_kickback_0P050\test_spec_plot\spectrum_python.png]
[6/6] Processing [sinewave_noise_270uV.csv]
  [save_variable] -> [D:\ADCToolbox\test_output\sinewave_noise_270uV\test_spec_plot\ENoB_python.csv]
  [save_variable] -> [D:\ADCToolbox\test_output\sinewave_noise_270uV\test_spec_plot\SNDR_python.csv]
  [save_variable] -> [D:\ADCToolbox\test_output\sinewave_noise_270uV\test_spec_plot\SFDR_python.csv]
  [save_variable] -> [D:\ADCToolbox\test_output\sinewave_noise_270uV\test_spec_plot\SNR_python.csv]
  [save_variable] -> [D:\ADCToolbox\test_output\sinewave_noise_270uV\test_spec_plot\THD_python.csv]
  [save_variable] -> [D:\ADCToolbox\test_output\sinewave_noise_270uV\test_spec_plot\pwr_python.csv]
  [save_variable] -> [D:\ADCToolbox\test_output\sinewave_noise_270uV\test_spec_plot\NF_python.csv]
  [save_fig] -> [D:\ADCToolbox\test_output\sinewave_noise_270uV\test_spec_plot\spectrum_python.png]
------------------------------------------------------------
[test_spec_plot] Done [6/6]
PASSED

============================== 1 passed in 8.03s ==============================

Running: tests/unit/test_spec_plot_phase.py
============================= test session starts =============================
platform win32 -- Python 3.11.9, pytest-9.0.1, pluggy-1.6.0 -- C:\Users\zzs_a\AppData\Local\Programs\Python\Python311\python.exe
cachedir: .pytest_cache
rootdir: D:\ADCToolbox\python
configfile: pyproject.toml
collecting ... collected 1 item

python\tests\unit\test_spec_plot_phase.py::test_spec_plot_phase [auto_search_files] [6] files in [D:\ADCToolbox\dataset\aout\sinewave] matching [sinewave_*.csv]
[1/6] Processing: [sinewave_INL_k2_0P0025_k3_0P0050.csv]
[specPlotPhase] Figure saved to: D:\ADCToolbox\test_output\sinewave_INL_k2_0P0025_k3_0P0050\test_spec_plot_phase\phase_python.png
  [save_variable] -> [D:\ADCToolbox\test_output\sinewave_INL_k2_0P0025_k3_0P0050\test_spec_plot_phase\freq_bin_python.csv]
  [save_variable] -> [D:\ADCToolbox\test_output\sinewave_INL_k2_0P0025_k3_0P0050\test_spec_plot_phase\spec_real_python.csv]
  [save_variable] -> [D:\ADCToolbox\test_output\sinewave_INL_k2_0P0025_k3_0P0050\test_spec_plot_phase\spec_imag_python.csv]
  [save_variable] -> [D:\ADCToolbox\test_output\sinewave_INL_k2_0P0025_k3_0P0050\test_spec_plot_phase\spec_mag_python.csv]
  [save_variable] -> [D:\ADCToolbox\test_output\sinewave_INL_k2_0P0025_k3_0P0050\test_spec_plot_phase\spec_phase_python.csv]
  [save_variable] -> [D:\ADCToolbox\test_output\sinewave_INL_k2_0P0025_k3_0P0050\test_spec_plot_phase\phi_real_python.csv]
  [save_variable] -> [D:\ADCToolbox\test_output\sinewave_INL_k2_0P0025_k3_0P0050\test_spec_plot_phase\phi_imag_python.csv]
[2/6] Processing: [sinewave_gain_error_0P9860.csv]
[specPlotPhase] Figure saved to: D:\ADCToolbox\test_output\sinewave_gain_error_0P9860\test_spec_plot_phase\phase_python.png
  [save_variable] -> [D:\ADCToolbox\test_output\sinewave_gain_error_0P9860\test_spec_plot_phase\freq_bin_python.csv]
  [save_variable] -> [D:\ADCToolbox\test_output\sinewave_gain_error_0P9860\test_spec_plot_phase\spec_real_python.csv]
  [save_variable] -> [D:\ADCToolbox\test_output\sinewave_gain_error_0P9860\test_spec_plot_phase\spec_imag_python.csv]
  [save_variable] -> [D:\ADCToolbox\test_output\sinewave_gain_error_0P9860\test_spec_plot_phase\spec_mag_python.csv]
  [save_variable] -> [D:\ADCToolbox\test_output\sinewave_gain_error_0P9860\test_spec_plot_phase\spec_phase_python.csv]
  [save_variable] -> [D:\ADCToolbox\test_output\sinewave_gain_error_0P9860\test_spec_plot_phase\phi_real_python.csv]
  [save_variable] -> [D:\ADCToolbox\test_output\sinewave_gain_error_0P9860\test_spec_plot_phase\phi_imag_python.csv]
[3/6] Processing: [sinewave_jitter_400fs.csv]
[specPlotPhase] Figure saved to: D:\ADCToolbox\test_output\sinewave_jitter_400fs\test_spec_plot_phase\phase_python.png
  [save_variable] -> [D:\ADCToolbox\test_output\sinewave_jitter_400fs\test_spec_plot_phase\freq_bin_python.csv]
  [save_variable] -> [D:\ADCToolbox\test_output\sinewave_jitter_400fs\test_spec_plot_phase\spec_real_python.csv]
  [save_variable] -> [D:\ADCToolbox\test_output\sinewave_jitter_400fs\test_spec_plot_phase\spec_imag_python.csv]
  [save_variable] -> [D:\ADCToolbox\test_output\sinewave_jitter_400fs\test_spec_plot_phase\spec_mag_python.csv]
  [save_variable] -> [D:\ADCToolbox\test_output\sinewave_jitter_400fs\test_spec_plot_phase\spec_phase_python.csv]
  [save_variable] -> [D:\ADCToolbox\test_output\sinewave_jitter_400fs\test_spec_plot_phase\phi_real_python.csv]
  [save_variable] -> [D:\ADCToolbox\test_output\sinewave_jitter_400fs\test_spec_plot_phase\phi_imag_python.csv]
[4/6] Processing: [sinewave_kickback_0P014.csv]
[specPlotPhase] Figure saved to: D:\ADCToolbox\test_output\sinewave_kickback_0P014\test_spec_plot_phase\phase_python.png
  [save_variable] -> [D:\ADCToolbox\test_output\sinewave_kickback_0P014\test_spec_plot_phase\freq_bin_python.csv]
  [save_variable] -> [D:\ADCToolbox\test_output\sinewave_kickback_0P014\test_spec_plot_phase\spec_real_python.csv]
  [save_variable] -> [D:\ADCToolbox\test_output\sinewave_kickback_0P014\test_spec_plot_phase\spec_imag_python.csv]
  [save_variable] -> [D:\ADCToolbox\test_output\sinewave_kickback_0P014\test_spec_plot_phase\spec_mag_python.csv]
  [save_variable] -> [D:\ADCToolbox\test_output\sinewave_kickback_0P014\test_spec_plot_phase\spec_phase_python.csv]
  [save_variable] -> [D:\ADCToolbox\test_output\sinewave_kickback_0P014\test_spec_plot_phase\phi_real_python.csv]
  [save_variable] -> [D:\ADCToolbox\test_output\sinewave_kickback_0P014\test_spec_plot_phase\phi_imag_python.csv]
[5/6] Processing: [sinewave_kickback_0P050.csv]
[specPlotPhase] Figure saved to: D:\ADCToolbox\test_output\sinewave_kickback_0P050\test_spec_plot_phase\phase_python.png
  [save_variable] -> [D:\ADCToolbox\test_output\sinewave_kickback_0P050\test_spec_plot_phase\freq_bin_python.csv]
  [save_variable] -> [D:\ADCToolbox\test_output\sinewave_kickback_0P050\test_spec_plot_phase\spec_real_python.csv]
  [save_variable] -> [D:\ADCToolbox\test_output\sinewave_kickback_0P050\test_spec_plot_phase\spec_imag_python.csv]
  [save_variable] -> [D:\ADCToolbox\test_output\sinewave_kickback_0P050\test_spec_plot_phase\spec_mag_python.csv]
  [save_variable] -> [D:\ADCToolbox\test_output\sinewave_kickback_0P050\test_spec_plot_phase\spec_phase_python.csv]
  [save_variable] -> [D:\ADCToolbox\test_output\sinewave_kickback_0P050\test_spec_plot_phase\phi_real_python.csv]
  [save_variable] -> [D:\ADCToolbox\test_output\sinewave_kickback_0P050\test_spec_plot_phase\phi_imag_python.csv]
[6/6] Processing: [sinewave_noise_270uV.csv]
[specPlotPhase] Figure saved to: D:\ADCToolbox\test_output\sinewave_noise_270uV\test_spec_plot_phase\phase_python.png
  [save_variable] -> [D:\ADCToolbox\test_output\sinewave_noise_270uV\test_spec_plot_phase\freq_bin_python.csv]
  [save_variable] -> [D:\ADCToolbox\test_output\sinewave_noise_270uV\test_spec_plot_phase\spec_real_python.csv]
  [save_variable] -> [D:\ADCToolbox\test_output\sinewave_noise_270uV\test_spec_plot_phase\spec_imag_python.csv]
  [save_variable] -> [D:\ADCToolbox\test_output\sinewave_noise_270uV\test_spec_plot_phase\spec_mag_python.csv]
  [save_variable] -> [D:\ADCToolbox\test_output\sinewave_noise_270uV\test_spec_plot_phase\spec_phase_python.csv]
  [save_variable] -> [D:\ADCToolbox\test_output\sinewave_noise_270uV\test_spec_plot_phase\phi_real_python.csv]
  [save_variable] -> [D:\ADCToolbox\test_output\sinewave_noise_270uV\test_spec_plot_phase\phi_imag_python.csv]
------------------------------------------------------------
[DONE] Generation complete. Success: 6/6
PASSED

============================= 1 passed in 12.30s ==============================

Running: tests/unit/test_err_hist_sine_code.py
============================= test session starts =============================
platform win32 -- Python 3.11.9, pytest-9.0.1, pluggy-1.6.0 -- C:\Users\zzs_a\AppData\Local\Programs\Python\Python311\python.exe
cachedir: .pytest_cache
rootdir: D:\ADCToolbox\python
configfile: pyproject.toml
collecting ... collected 1 item

python\tests\unit\test_err_hist_sine_code.py::test_err_hist_sine_code [auto_search_files] [6] files in [D:\ADCToolbox\dataset\aout\sinewave] matching [sinewave_*.csv]
[1/6] Processing [sinewave_INL_k2_0P0025_k3_0P0050.csv]
  [save_variable] -> [D:\ADCToolbox\test_output\sinewave_INL_k2_0P0025_k3_0P0050\test_err_hist_sine_code\code_axis_python.csv]
  [save_variable] -> [D:\ADCToolbox\test_output\sinewave_INL_k2_0P0025_k3_0P0050\test_err_hist_sine_code\emean_code_python.csv]
  [save_variable] -> [D:\ADCToolbox\test_output\sinewave_INL_k2_0P0025_k3_0P0050\test_err_hist_sine_code\erms_code_python.csv]
  [save_variable] -> [D:\ADCToolbox\test_output\sinewave_INL_k2_0P0025_k3_0P0050\test_err_hist_sine_code\k1_python.csv]
  [save_variable] -> [D:\ADCToolbox\test_output\sinewave_INL_k2_0P0025_k3_0P0050\test_err_hist_sine_code\k2_python.csv]
  [save_variable] -> [D:\ADCToolbox\test_output\sinewave_INL_k2_0P0025_k3_0P0050\test_err_hist_sine_code\k3_python.csv]
  [save_fig] -> [D:\ADCToolbox\test_output\sinewave_INL_k2_0P0025_k3_0P0050\test_err_hist_sine_code\errHistSine_code_python.png]
[2/6] Processing [sinewave_gain_error_0P9860.csv]
  [save_variable] -> [D:\ADCToolbox\test_output\sinewave_gain_error_0P9860\test_err_hist_sine_code\code_axis_python.csv]
  [save_variable] -> [D:\ADCToolbox\test_output\sinewave_gain_error_0P9860\test_err_hist_sine_code\emean_code_python.csv]
  [save_variable] -> [D:\ADCToolbox\test_output\sinewave_gain_error_0P9860\test_err_hist_sine_code\erms_code_python.csv]
  [save_variable] -> [D:\ADCToolbox\test_output\sinewave_gain_error_0P9860\test_err_hist_sine_code\k1_python.csv]
  [save_variable] -> [D:\ADCToolbox\test_output\sinewave_gain_error_0P9860\test_err_hist_sine_code\k2_python.csv]
  [save_variable] -> [D:\ADCToolbox\test_output\sinewave_gain_error_0P9860\test_err_hist_sine_code\k3_python.csv]
  [save_fig] -> [D:\ADCToolbox\test_output\sinewave_gain_error_0P9860\test_err_hist_sine_code\errHistSine_code_python.png]
[3/6] Processing [sinewave_jitter_400fs.csv]
  [save_variable] -> [D:\ADCToolbox\test_output\sinewave_jitter_400fs\test_err_hist_sine_code\code_axis_python.csv]
  [save_variable] -> [D:\ADCToolbox\test_output\sinewave_jitter_400fs\test_err_hist_sine_code\emean_code_python.csv]
  [save_variable] -> [D:\ADCToolbox\test_output\sinewave_jitter_400fs\test_err_hist_sine_code\erms_code_python.csv]
  [save_variable] -> [D:\ADCToolbox\test_output\sinewave_jitter_400fs\test_err_hist_sine_code\k1_python.csv]
  [save_variable] -> [D:\ADCToolbox\test_output\sinewave_jitter_400fs\test_err_hist_sine_code\k2_python.csv]
  [save_variable] -> [D:\ADCToolbox\test_output\sinewave_jitter_400fs\test_err_hist_sine_code\k3_python.csv]
  [save_fig] -> [D:\ADCToolbox\test_output\sinewave_jitter_400fs\test_err_hist_sine_code\errHistSine_code_python.png]
[4/6] Processing [sinewave_kickback_0P014.csv]
  [save_variable] -> [D:\ADCToolbox\test_output\sinewave_kickback_0P014\test_err_hist_sine_code\code_axis_python.csv]
  [save_variable] -> [D:\ADCToolbox\test_output\sinewave_kickback_0P014\test_err_hist_sine_code\emean_code_python.csv]
  [save_variable] -> [D:\ADCToolbox\test_output\sinewave_kickback_0P014\test_err_hist_sine_code\erms_code_python.csv]
  [save_variable] -> [D:\ADCToolbox\test_output\sinewave_kickback_0P014\test_err_hist_sine_code\k1_python.csv]
  [save_variable] -> [D:\ADCToolbox\test_output\sinewave_kickback_0P014\test_err_hist_sine_code\k2_python.csv]
  [save_variable] -> [D:\ADCToolbox\test_output\sinewave_kickback_0P014\test_err_hist_sine_code\k3_python.csv]
  [save_fig] -> [D:\ADCToolbox\test_output\sinewave_kickback_0P014\test_err_hist_sine_code\errHistSine_code_python.png]
[5/6] Processing [sinewave_kickback_0P050.csv]
  [save_variable] -> [D:\ADCToolbox\test_output\sinewave_kickback_0P050\test_err_hist_sine_code\code_axis_python.csv]
  [save_variable] -> [D:\ADCToolbox\test_output\sinewave_kickback_0P050\test_err_hist_sine_code\emean_code_python.csv]
  [save_variable] -> [D:\ADCToolbox\test_output\sinewave_kickback_0P050\test_err_hist_sine_code\erms_code_python.csv]
  [save_variable] -> [D:\ADCToolbox\test_output\sinewave_kickback_0P050\test_err_hist_sine_code\k1_python.csv]
  [save_variable] -> [D:\ADCToolbox\test_output\sinewave_kickback_0P050\test_err_hist_sine_code\k2_python.csv]
  [save_variable] -> [D:\ADCToolbox\test_output\sinewave_kickback_0P050\test_err_hist_sine_code\k3_python.csv]
  [save_fig] -> [D:\ADCToolbox\test_output\sinewave_kickback_0P050\test_err_hist_sine_code\errHistSine_code_python.png]
[6/6] Processing [sinewave_noise_270uV.csv]
  [save_variable] -> [D:\ADCToolbox\test_output\sinewave_noise_270uV\test_err_hist_sine_code\code_axis_python.csv]
  [save_variable] -> [D:\ADCToolbox\test_output\sinewave_noise_270uV\test_err_hist_sine_code\emean_code_python.csv]
  [save_variable] -> [D:\ADCToolbox\test_output\sinewave_noise_270uV\test_err_hist_sine_code\erms_code_python.csv]
  [save_variable] -> [D:\ADCToolbox\test_output\sinewave_noise_270uV\test_err_hist_sine_code\k1_python.csv]
  [save_variable] -> [D:\ADCToolbox\test_output\sinewave_noise_270uV\test_err_hist_sine_code\k2_python.csv]
  [save_variable] -> [D:\ADCToolbox\test_output\sinewave_noise_270uV\test_err_hist_sine_code\k3_python.csv]
  [save_fig] -> [D:\ADCToolbox\test_output\sinewave_noise_270uV\test_err_hist_sine_code\errHistSine_code_python.png]
------------------------------------------------------------
[test_err_hist_sine_code] Done [6/6]
PASSED

============================= 1 passed in 16.66s ==============================

Running: tests/unit/test_err_hist_sine_phase.py
============================= test session starts =============================
platform win32 -- Python 3.11.9, pytest-9.0.1, pluggy-1.6.0 -- C:\Users\zzs_a\AppData\Local\Programs\Python\Python311\python.exe
cachedir: .pytest_cache
rootdir: D:\ADCToolbox\python
configfile: pyproject.toml
collecting ... collected 1 item

python\tests\unit\test_err_hist_sine_phase.py::test_err_hist_sine_phase [auto_search_files] [6] files in [D:\ADCToolbox\dataset\aout\sinewave] matching [sinewave_*.csv]
[1/6] Processing [sinewave_INL_k2_0P0025_k3_0P0050.csv]
  [save_variable] -> [D:\ADCToolbox\test_output\sinewave_INL_k2_0P0025_k3_0P0050\test_err_hist_sine_phase\anoi_python.csv]
  [save_variable] -> [D:\ADCToolbox\test_output\sinewave_INL_k2_0P0025_k3_0P0050\test_err_hist_sine_phase\pnoi_python.csv]
  [save_variable] -> [D:\ADCToolbox\test_output\sinewave_INL_k2_0P0025_k3_0P0050\test_err_hist_sine_phase\phase_code_python.csv]
  [save_variable] -> [D:\ADCToolbox\test_output\sinewave_INL_k2_0P0025_k3_0P0050\test_err_hist_sine_phase\emean_python.csv]
  [save_variable] -> [D:\ADCToolbox\test_output\sinewave_INL_k2_0P0025_k3_0P0050\test_err_hist_sine_phase\erms_python.csv]
  [save_fig] -> [D:\ADCToolbox\test_output\sinewave_INL_k2_0P0025_k3_0P0050\test_err_hist_sine_phase\errHistSine_phase_python.png]
[2/6] Processing [sinewave_gain_error_0P9860.csv]
  [save_variable] -> [D:\ADCToolbox\test_output\sinewave_gain_error_0P9860\test_err_hist_sine_phase\anoi_python.csv]
  [save_variable] -> [D:\ADCToolbox\test_output\sinewave_gain_error_0P9860\test_err_hist_sine_phase\pnoi_python.csv]
  [save_variable] -> [D:\ADCToolbox\test_output\sinewave_gain_error_0P9860\test_err_hist_sine_phase\phase_code_python.csv]
  [save_variable] -> [D:\ADCToolbox\test_output\sinewave_gain_error_0P9860\test_err_hist_sine_phase\emean_python.csv]
  [save_variable] -> [D:\ADCToolbox\test_output\sinewave_gain_error_0P9860\test_err_hist_sine_phase\erms_python.csv]
  [save_fig] -> [D:\ADCToolbox\test_output\sinewave_gain_error_0P9860\test_err_hist_sine_phase\errHistSine_phase_python.png]
[3/6] Processing [sinewave_jitter_400fs.csv]
  [save_variable] -> [D:\ADCToolbox\test_output\sinewave_jitter_400fs\test_err_hist_sine_phase\anoi_python.csv]
  [save_variable] -> [D:\ADCToolbox\test_output\sinewave_jitter_400fs\test_err_hist_sine_phase\pnoi_python.csv]
  [save_variable] -> [D:\ADCToolbox\test_output\sinewave_jitter_400fs\test_err_hist_sine_phase\phase_code_python.csv]
  [save_variable] -> [D:\ADCToolbox\test_output\sinewave_jitter_400fs\test_err_hist_sine_phase\emean_python.csv]
  [save_variable] -> [D:\ADCToolbox\test_output\sinewave_jitter_400fs\test_err_hist_sine_phase\erms_python.csv]
  [save_fig] -> [D:\ADCToolbox\test_output\sinewave_jitter_400fs\test_err_hist_sine_phase\errHistSine_phase_python.png]
[4/6] Processing [sinewave_kickback_0P014.csv]
  [save_variable] -> [D:\ADCToolbox\test_output\sinewave_kickback_0P014\test_err_hist_sine_phase\anoi_python.csv]
  [save_variable] -> [D:\ADCToolbox\test_output\sinewave_kickback_0P014\test_err_hist_sine_phase\pnoi_python.csv]
  [save_variable] -> [D:\ADCToolbox\test_output\sinewave_kickback_0P014\test_err_hist_sine_phase\phase_code_python.csv]
  [save_variable] -> [D:\ADCToolbox\test_output\sinewave_kickback_0P014\test_err_hist_sine_phase\emean_python.csv]
  [save_variable] -> [D:\ADCToolbox\test_output\sinewave_kickback_0P014\test_err_hist_sine_phase\erms_python.csv]
  [save_fig] -> [D:\ADCToolbox\test_output\sinewave_kickback_0P014\test_err_hist_sine_phase\errHistSine_phase_python.png]
[5/6] Processing [sinewave_kickback_0P050.csv]
  [save_variable] -> [D:\ADCToolbox\test_output\sinewave_kickback_0P050\test_err_hist_sine_phase\anoi_python.csv]
  [save_variable] -> [D:\ADCToolbox\test_output\sinewave_kickback_0P050\test_err_hist_sine_phase\pnoi_python.csv]
  [save_variable] -> [D:\ADCToolbox\test_output\sinewave_kickback_0P050\test_err_hist_sine_phase\phase_code_python.csv]
  [save_variable] -> [D:\ADCToolbox\test_output\sinewave_kickback_0P050\test_err_hist_sine_phase\emean_python.csv]
  [save_variable] -> [D:\ADCToolbox\test_output\sinewave_kickback_0P050\test_err_hist_sine_phase\erms_python.csv]
  [save_fig] -> [D:\ADCToolbox\test_output\sinewave_kickback_0P050\test_err_hist_sine_phase\errHistSine_phase_python.png]
[6/6] Processing [sinewave_noise_270uV.csv]
  [save_variable] -> [D:\ADCToolbox\test_output\sinewave_noise_270uV\test_err_hist_sine_phase\anoi_python.csv]
  [save_variable] -> [D:\ADCToolbox\test_output\sinewave_noise_270uV\test_err_hist_sine_phase\pnoi_python.csv]
  [save_variable] -> [D:\ADCToolbox\test_output\sinewave_noise_270uV\test_err_hist_sine_phase\phase_code_python.csv]
  [save_variable] -> [D:\ADCToolbox\test_output\sinewave_noise_270uV\test_err_hist_sine_phase\emean_python.csv]
  [save_variable] -> [D:\ADCToolbox\test_output\sinewave_noise_270uV\test_err_hist_sine_phase\erms_python.csv]
  [save_fig] -> [D:\ADCToolbox\test_output\sinewave_noise_270uV\test_err_hist_sine_phase\errHistSine_phase_python.png]
------------------------------------------------------------
[test_err_hist_sine_phase] Done [6/6]
PASSED

============================= 1 passed in 17.29s ==============================

Running: tests/unit/test_tom_decomp.py
============================= test session starts =============================
platform win32 -- Python 3.11.9, pytest-9.0.1, pluggy-1.6.0 -- C:\Users\zzs_a\AppData\Local\Programs\Python\Python311\python.exe
cachedir: .pytest_cache
rootdir: D:\ADCToolbox\python
configfile: pyproject.toml
collecting ... collected 1 item

python\tests\unit\test_tom_decomp.py::test_tom_decomp [auto_search_files] [6] files in [D:\ADCToolbox\dataset\aout\sinewave] matching [sinewave_*.csv]
[1/6] Processing [sinewave_INL_k2_0P0025_k3_0P0050.csv]
  [save_fig] -> [D:\ADCToolbox\test_output\sinewave_INL_k2_0P0025_k3_0P0050\test_tomDecomp\tomDecomp_python.png]
  [save_variable] -> [D:\ADCToolbox\test_output\sinewave_INL_k2_0P0025_k3_0P0050\test_tomDecomp\signal_python.csv]
  [save_variable] -> [D:\ADCToolbox\test_output\sinewave_INL_k2_0P0025_k3_0P0050\test_tomDecomp\error_python.csv]
  [save_variable] -> [D:\ADCToolbox\test_output\sinewave_INL_k2_0P0025_k3_0P0050\test_tomDecomp\indep_python.csv]
  [save_variable] -> [D:\ADCToolbox\test_output\sinewave_INL_k2_0P0025_k3_0P0050\test_tomDecomp\dep_python.csv]
  [save_variable] -> [D:\ADCToolbox\test_output\sinewave_INL_k2_0P0025_k3_0P0050\test_tomDecomp\phi_python.csv]
  [save_variable] -> [D:\ADCToolbox\test_output\sinewave_INL_k2_0P0025_k3_0P0050\test_tomDecomp\rms_error_python.csv]
  [save_variable] -> [D:\ADCToolbox\test_output\sinewave_INL_k2_0P0025_k3_0P0050\test_tomDecomp\rms_indep_python.csv]
  [save_variable] -> [D:\ADCToolbox\test_output\sinewave_INL_k2_0P0025_k3_0P0050\test_tomDecomp\rms_dep_python.csv]
[2/6] Processing [sinewave_gain_error_0P9860.csv]
  [save_fig] -> [D:\ADCToolbox\test_output\sinewave_gain_error_0P9860\test_tomDecomp\tomDecomp_python.png]
  [save_variable] -> [D:\ADCToolbox\test_output\sinewave_gain_error_0P9860\test_tomDecomp\signal_python.csv]
  [save_variable] -> [D:\ADCToolbox\test_output\sinewave_gain_error_0P9860\test_tomDecomp\error_python.csv]
  [save_variable] -> [D:\ADCToolbox\test_output\sinewave_gain_error_0P9860\test_tomDecomp\indep_python.csv]
  [save_variable] -> [D:\ADCToolbox\test_output\sinewave_gain_error_0P9860\test_tomDecomp\dep_python.csv]
  [save_variable] -> [D:\ADCToolbox\test_output\sinewave_gain_error_0P9860\test_tomDecomp\phi_python.csv]
  [save_variable] -> [D:\ADCToolbox\test_output\sinewave_gain_error_0P9860\test_tomDecomp\rms_error_python.csv]
  [save_variable] -> [D:\ADCToolbox\test_output\sinewave_gain_error_0P9860\test_tomDecomp\rms_indep_python.csv]
  [save_variable] -> [D:\ADCToolbox\test_output\sinewave_gain_error_0P9860\test_tomDecomp\rms_dep_python.csv]
[3/6] Processing [sinewave_jitter_400fs.csv]
  [save_fig] -> [D:\ADCToolbox\test_output\sinewave_jitter_400fs\test_tomDecomp\tomDecomp_python.png]
  [save_variable] -> [D:\ADCToolbox\test_output\sinewave_jitter_400fs\test_tomDecomp\signal_python.csv]
  [save_variable] -> [D:\ADCToolbox\test_output\sinewave_jitter_400fs\test_tomDecomp\error_python.csv]
  [save_variable] -> [D:\ADCToolbox\test_output\sinewave_jitter_400fs\test_tomDecomp\indep_python.csv]
  [save_variable] -> [D:\ADCToolbox\test_output\sinewave_jitter_400fs\test_tomDecomp\dep_python.csv]
  [save_variable] -> [D:\ADCToolbox\test_output\sinewave_jitter_400fs\test_tomDecomp\phi_python.csv]
  [save_variable] -> [D:\ADCToolbox\test_output\sinewave_jitter_400fs\test_tomDecomp\rms_error_python.csv]
  [save_variable] -> [D:\ADCToolbox\test_output\sinewave_jitter_400fs\test_tomDecomp\rms_indep_python.csv]
  [save_variable] -> [D:\ADCToolbox\test_output\sinewave_jitter_400fs\test_tomDecomp\rms_dep_python.csv]
[4/6] Processing [sinewave_kickback_0P014.csv]
  [save_fig] -> [D:\ADCToolbox\test_output\sinewave_kickback_0P014\test_tomDecomp\tomDecomp_python.png]
  [save_variable] -> [D:\ADCToolbox\test_output\sinewave_kickback_0P014\test_tomDecomp\signal_python.csv]
  [save_variable] -> [D:\ADCToolbox\test_output\sinewave_kickback_0P014\test_tomDecomp\error_python.csv]
  [save_variable] -> [D:\ADCToolbox\test_output\sinewave_kickback_0P014\test_tomDecomp\indep_python.csv]
  [save_variable] -> [D:\ADCToolbox\test_output\sinewave_kickback_0P014\test_tomDecomp\dep_python.csv]
  [save_variable] -> [D:\ADCToolbox\test_output\sinewave_kickback_0P014\test_tomDecomp\phi_python.csv]
  [save_variable] -> [D:\ADCToolbox\test_output\sinewave_kickback_0P014\test_tomDecomp\rms_error_python.csv]
  [save_variable] -> [D:\ADCToolbox\test_output\sinewave_kickback_0P014\test_tomDecomp\rms_indep_python.csv]
  [save_variable] -> [D:\ADCToolbox\test_output\sinewave_kickback_0P014\test_tomDecomp\rms_dep_python.csv]
[5/6] Processing [sinewave_kickback_0P050.csv]
  [save_fig] -> [D:\ADCToolbox\test_output\sinewave_kickback_0P050\test_tomDecomp\tomDecomp_python.png]
  [save_variable] -> [D:\ADCToolbox\test_output\sinewave_kickback_0P050\test_tomDecomp\signal_python.csv]
  [save_variable] -> [D:\ADCToolbox\test_output\sinewave_kickback_0P050\test_tomDecomp\error_python.csv]
  [save_variable] -> [D:\ADCToolbox\test_output\sinewave_kickback_0P050\test_tomDecomp\indep_python.csv]
  [save_variable] -> [D:\ADCToolbox\test_output\sinewave_kickback_0P050\test_tomDecomp\dep_python.csv]
  [save_variable] -> [D:\ADCToolbox\test_output\sinewave_kickback_0P050\test_tomDecomp\phi_python.csv]
  [save_variable] -> [D:\ADCToolbox\test_output\sinewave_kickback_0P050\test_tomDecomp\rms_error_python.csv]
  [save_variable] -> [D:\ADCToolbox\test_output\sinewave_kickback_0P050\test_tomDecomp\rms_indep_python.csv]
  [save_variable] -> [D:\ADCToolbox\test_output\sinewave_kickback_0P050\test_tomDecomp\rms_dep_python.csv]
[6/6] Processing [sinewave_noise_270uV.csv]
  [save_fig] -> [D:\ADCToolbox\test_output\sinewave_noise_270uV\test_tomDecomp\tomDecomp_python.png]
  [save_variable] -> [D:\ADCToolbox\test_output\sinewave_noise_270uV\test_tomDecomp\signal_python.csv]
  [save_variable] -> [D:\ADCToolbox\test_output\sinewave_noise_270uV\test_tomDecomp\error_python.csv]
  [save_variable] -> [D:\ADCToolbox\test_output\sinewave_noise_270uV\test_tomDecomp\indep_python.csv]
  [save_variable] -> [D:\ADCToolbox\test_output\sinewave_noise_270uV\test_tomDecomp\dep_python.csv]
  [save_variable] -> [D:\ADCToolbox\test_output\sinewave_noise_270uV\test_tomDecomp\phi_python.csv]
  [save_variable] -> [D:\ADCToolbox\test_output\sinewave_noise_270uV\test_tomDecomp\rms_error_python.csv]
  [save_variable] -> [D:\ADCToolbox\test_output\sinewave_noise_270uV\test_tomDecomp\rms_indep_python.csv]
  [save_variable] -> [D:\ADCToolbox\test_output\sinewave_noise_270uV\test_tomDecomp\rms_dep_python.csv]
------------------------------------------------------------
[test_tomDecomp] Done [6/6]
PASSED

============================= 1 passed in 10.02s ==============================

Running: tests/unit/test_err_pdf.py
============================= test session starts =============================
platform win32 -- Python 3.11.9, pytest-9.0.1, pluggy-1.6.0 -- C:\Users\zzs_a\AppData\Local\Programs\Python\Python311\python.exe
cachedir: .pytest_cache
rootdir: D:\ADCToolbox\python
configfile: pyproject.toml
collecting ... collected 1 item

python\tests\unit\test_err_pdf.py::test_err_pdf [auto_search_files] [6] files in [D:\ADCToolbox\dataset\aout\sinewave] matching [sinewave_*.csv]
[1/6] Processing [sinewave_INL_k2_0P0025_k3_0P0050.csv]
  [save_fig] -> [D:\ADCToolbox\test_output\sinewave_INL_k2_0P0025_k3_0P0050\test_errPDF\errPDF_python.png]
  [save_variable] -> [D:\ADCToolbox\test_output\sinewave_INL_k2_0P0025_k3_0P0050\test_errPDF\mu_python.csv]
  [save_variable] -> [D:\ADCToolbox\test_output\sinewave_INL_k2_0P0025_k3_0P0050\test_errPDF\sigma_python.csv]
  [save_variable] -> [D:\ADCToolbox\test_output\sinewave_INL_k2_0P0025_k3_0P0050\test_errPDF\KL_divergence_python.csv]
  [save_variable] -> [D:\ADCToolbox\test_output\sinewave_INL_k2_0P0025_k3_0P0050\test_errPDF\x_python.csv]
  [save_variable] -> [D:\ADCToolbox\test_output\sinewave_INL_k2_0P0025_k3_0P0050\test_errPDF\fx_python.csv]
  [save_variable] -> [D:\ADCToolbox\test_output\sinewave_INL_k2_0P0025_k3_0P0050\test_errPDF\gauss_pdf_python.csv]
[2/6] Processing [sinewave_gain_error_0P9860.csv]
  [save_fig] -> [D:\ADCToolbox\test_output\sinewave_gain_error_0P9860\test_errPDF\errPDF_python.png]
  [save_variable] -> [D:\ADCToolbox\test_output\sinewave_gain_error_0P9860\test_errPDF\mu_python.csv]
  [save_variable] -> [D:\ADCToolbox\test_output\sinewave_gain_error_0P9860\test_errPDF\sigma_python.csv]
  [save_variable] -> [D:\ADCToolbox\test_output\sinewave_gain_error_0P9860\test_errPDF\KL_divergence_python.csv]
  [save_variable] -> [D:\ADCToolbox\test_output\sinewave_gain_error_0P9860\test_errPDF\x_python.csv]
  [save_variable] -> [D:\ADCToolbox\test_output\sinewave_gain_error_0P9860\test_errPDF\fx_python.csv]
  [save_variable] -> [D:\ADCToolbox\test_output\sinewave_gain_error_0P9860\test_errPDF\gauss_pdf_python.csv]
[3/6] Processing [sinewave_jitter_400fs.csv]
  [save_fig] -> [D:\ADCToolbox\test_output\sinewave_jitter_400fs\test_errPDF\errPDF_python.png]
  [save_variable] -> [D:\ADCToolbox\test_output\sinewave_jitter_400fs\test_errPDF\mu_python.csv]
  [save_variable] -> [D:\ADCToolbox\test_output\sinewave_jitter_400fs\test_errPDF\sigma_python.csv]
  [save_variable] -> [D:\ADCToolbox\test_output\sinewave_jitter_400fs\test_errPDF\KL_divergence_python.csv]
  [save_variable] -> [D:\ADCToolbox\test_output\sinewave_jitter_400fs\test_errPDF\x_python.csv]
  [save_variable] -> [D:\ADCToolbox\test_output\sinewave_jitter_400fs\test_errPDF\fx_python.csv]
  [save_variable] -> [D:\ADCToolbox\test_output\sinewave_jitter_400fs\test_errPDF\gauss_pdf_python.csv]
[4/6] Processing [sinewave_kickback_0P014.csv]
  [save_fig] -> [D:\ADCToolbox\test_output\sinewave_kickback_0P014\test_errPDF\errPDF_python.png]
  [save_variable] -> [D:\ADCToolbox\test_output\sinewave_kickback_0P014\test_errPDF\mu_python.csv]
  [save_variable] -> [D:\ADCToolbox\test_output\sinewave_kickback_0P014\test_errPDF\sigma_python.csv]
  [save_variable] -> [D:\ADCToolbox\test_output\sinewave_kickback_0P014\test_errPDF\KL_divergence_python.csv]
  [save_variable] -> [D:\ADCToolbox\test_output\sinewave_kickback_0P014\test_errPDF\x_python.csv]
  [save_variable] -> [D:\ADCToolbox\test_output\sinewave_kickback_0P014\test_errPDF\fx_python.csv]
  [save_variable] -> [D:\ADCToolbox\test_output\sinewave_kickback_0P014\test_errPDF\gauss_pdf_python.csv]
[5/6] Processing [sinewave_kickback_0P050.csv]
  [save_fig] -> [D:\ADCToolbox\test_output\sinewave_kickback_0P050\test_errPDF\errPDF_python.png]
  [save_variable] -> [D:\ADCToolbox\test_output\sinewave_kickback_0P050\test_errPDF\mu_python.csv]
  [save_variable] -> [D:\ADCToolbox\test_output\sinewave_kickback_0P050\test_errPDF\sigma_python.csv]
  [save_variable] -> [D:\ADCToolbox\test_output\sinewave_kickback_0P050\test_errPDF\KL_divergence_python.csv]
  [save_variable] -> [D:\ADCToolbox\test_output\sinewave_kickback_0P050\test_errPDF\x_python.csv]
  [save_variable] -> [D:\ADCToolbox\test_output\sinewave_kickback_0P050\test_errPDF\fx_python.csv]
  [save_variable] -> [D:\ADCToolbox\test_output\sinewave_kickback_0P050\test_errPDF\gauss_pdf_python.csv]
[6/6] Processing [sinewave_noise_270uV.csv]
  [save_fig] -> [D:\ADCToolbox\test_output\sinewave_noise_270uV\test_errPDF\errPDF_python.png]
  [save_variable] -> [D:\ADCToolbox\test_output\sinewave_noise_270uV\test_errPDF\mu_python.csv]
  [save_variable] -> [D:\ADCToolbox\test_output\sinewave_noise_270uV\test_errPDF\sigma_python.csv]
  [save_variable] -> [D:\ADCToolbox\test_output\sinewave_noise_270uV\test_errPDF\KL_divergence_python.csv]
  [save_variable] -> [D:\ADCToolbox\test_output\sinewave_noise_270uV\test_errPDF\x_python.csv]
  [save_variable] -> [D:\ADCToolbox\test_output\sinewave_noise_270uV\test_errPDF\fx_python.csv]
  [save_variable] -> [D:\ADCToolbox\test_output\sinewave_noise_270uV\test_errPDF\gauss_pdf_python.csv]
------------------------------------------------------------
[test_errPDF] Done [6/6]
PASSED

============================== 1 passed in 4.75s ==============================

Running: tests/unit/test_err_auto_correlation.py
============================= test session starts =============================
platform win32 -- Python 3.11.9, pytest-9.0.1, pluggy-1.6.0 -- C:\Users\zzs_a\AppData\Local\Programs\Python\Python311\python.exe
cachedir: .pytest_cache
rootdir: D:\ADCToolbox\python
configfile: pyproject.toml
collecting ... collected 1 item

python\tests\unit\test_err_auto_correlation.py::test_err_auto_correlation [auto_search_files] [6] files in [D:\ADCToolbox\dataset\aout\sinewave] matching [sinewave_*.csv]
[1/6] Processing [sinewave_INL_k2_0P0025_k3_0P0050.csv]
  [save_fig] -> [D:\ADCToolbox\test_output\sinewave_INL_k2_0P0025_k3_0P0050\test_errAutoCorrelation\errACF_python.png]
  [save_variable] -> [D:\ADCToolbox\test_output\sinewave_INL_k2_0P0025_k3_0P0050\test_errAutoCorrelation\lags_python.csv]
  [save_variable] -> [D:\ADCToolbox\test_output\sinewave_INL_k2_0P0025_k3_0P0050\test_errAutoCorrelation\acf_python.csv]
[2/6] Processing [sinewave_gain_error_0P9860.csv]
  [save_fig] -> [D:\ADCToolbox\test_output\sinewave_gain_error_0P9860\test_errAutoCorrelation\errACF_python.png]
  [save_variable] -> [D:\ADCToolbox\test_output\sinewave_gain_error_0P9860\test_errAutoCorrelation\lags_python.csv]
  [save_variable] -> [D:\ADCToolbox\test_output\sinewave_gain_error_0P9860\test_errAutoCorrelation\acf_python.csv]
[3/6] Processing [sinewave_jitter_400fs.csv]
  [save_fig] -> [D:\ADCToolbox\test_output\sinewave_jitter_400fs\test_errAutoCorrelation\errACF_python.png]
  [save_variable] -> [D:\ADCToolbox\test_output\sinewave_jitter_400fs\test_errAutoCorrelation\lags_python.csv]
  [save_variable] -> [D:\ADCToolbox\test_output\sinewave_jitter_400fs\test_errAutoCorrelation\acf_python.csv]
[4/6] Processing [sinewave_kickback_0P014.csv]
  [save_fig] -> [D:\ADCToolbox\test_output\sinewave_kickback_0P014\test_errAutoCorrelation\errACF_python.png]
  [save_variable] -> [D:\ADCToolbox\test_output\sinewave_kickback_0P014\test_errAutoCorrelation\lags_python.csv]
  [save_variable] -> [D:\ADCToolbox\test_output\sinewave_kickback_0P014\test_errAutoCorrelation\acf_python.csv]
[5/6] Processing [sinewave_kickback_0P050.csv]
  [save_fig] -> [D:\ADCToolbox\test_output\sinewave_kickback_0P050\test_errAutoCorrelation\errACF_python.png]
  [save_variable] -> [D:\ADCToolbox\test_output\sinewave_kickback_0P050\test_errAutoCorrelation\lags_python.csv]
  [save_variable] -> [D:\ADCToolbox\test_output\sinewave_kickback_0P050\test_errAutoCorrelation\acf_python.csv]
[6/6] Processing [sinewave_noise_270uV.csv]
  [save_fig] -> [D:\ADCToolbox\test_output\sinewave_noise_270uV\test_errAutoCorrelation\errACF_python.png]
  [save_variable] -> [D:\ADCToolbox\test_output\sinewave_noise_270uV\test_errAutoCorrelation\lags_python.csv]
  [save_variable] -> [D:\ADCToolbox\test_output\sinewave_noise_270uV\test_errAutoCorrelation\acf_python.csv]
------------------------------------------------------------
[test_errAutoCorrelation] Done [6/6]
PASSED

============================== 1 passed in 2.01s ==============================

Running: tests/unit/test_err_spectrum.py
============================= test session starts =============================
platform win32 -- Python 3.11.9, pytest-9.0.1, pluggy-1.6.0 -- C:\Users\zzs_a\AppData\Local\Programs\Python\Python311\python.exe
cachedir: .pytest_cache
rootdir: D:\ADCToolbox\python
configfile: pyproject.toml
collecting ... collected 1 item

python\tests\unit\test_err_spectrum.py::test_err_spectrum [auto_search_files] [6] files in [D:\ADCToolbox\dataset\aout\sinewave] matching [sinewave_*.csv]
[1/6] Processing [sinewave_INL_k2_0P0025_k3_0P0050.csv]
  [save_fig] -> [D:\ADCToolbox\test_output\sinewave_INL_k2_0P0025_k3_0P0050\test_errSpectrum\errSpectrum_python.png]
[2/6] Processing [sinewave_gain_error_0P9860.csv]
  [save_fig] -> [D:\ADCToolbox\test_output\sinewave_gain_error_0P9860\test_errSpectrum\errSpectrum_python.png]
[3/6] Processing [sinewave_jitter_400fs.csv]
  [save_fig] -> [D:\ADCToolbox\test_output\sinewave_jitter_400fs\test_errSpectrum\errSpectrum_python.png]
[4/6] Processing [sinewave_kickback_0P014.csv]
  [save_fig] -> [D:\ADCToolbox\test_output\sinewave_kickback_0P014\test_errSpectrum\errSpectrum_python.png]
[5/6] Processing [sinewave_kickback_0P050.csv]
  [save_fig] -> [D:\ADCToolbox\test_output\sinewave_kickback_0P050\test_errSpectrum\errSpectrum_python.png]
[6/6] Processing [sinewave_noise_270uV.csv]
  [save_fig] -> [D:\ADCToolbox\test_output\sinewave_noise_270uV\test_errSpectrum\errSpectrum_python.png]
------------------------------------------------------------
[test_errSpectrum] Done [6/6]
PASSED

============================== 1 passed in 1.64s ==============================

Running: tests/unit/test_err_envelope_spectrum.py
============================= test session starts =============================
platform win32 -- Python 3.11.9, pytest-9.0.1, pluggy-1.6.0 -- C:\Users\zzs_a\AppData\Local\Programs\Python\Python311\python.exe
cachedir: .pytest_cache
rootdir: D:\ADCToolbox\python
configfile: pyproject.toml
collecting ... collected 1 item

python\tests\unit\test_err_envelope_spectrum.py::test_err_envelope_spectrum [auto_search_files] [6] files in [D:\ADCToolbox\dataset\aout\sinewave] matching [sinewave_*.csv]
[1/6] Processing [sinewave_INL_k2_0P0025_k3_0P0050.csv]
  [save_fig] -> [D:\ADCToolbox\test_output\sinewave_INL_k2_0P0025_k3_0P0050\test_errEnvelopeSpectrum\errEnvelopeSpectrum_python.png]
[2/6] Processing [sinewave_gain_error_0P9860.csv]
  [save_fig] -> [D:\ADCToolbox\test_output\sinewave_gain_error_0P9860\test_errEnvelopeSpectrum\errEnvelopeSpectrum_python.png]
[3/6] Processing [sinewave_jitter_400fs.csv]
  [save_fig] -> [D:\ADCToolbox\test_output\sinewave_jitter_400fs\test_errEnvelopeSpectrum\errEnvelopeSpectrum_python.png]
[4/6] Processing [sinewave_kickback_0P014.csv]
  [save_fig] -> [D:\ADCToolbox\test_output\sinewave_kickback_0P014\test_errEnvelopeSpectrum\errEnvelopeSpectrum_python.png]
[5/6] Processing [sinewave_kickback_0P050.csv]
  [save_fig] -> [D:\ADCToolbox\test_output\sinewave_kickback_0P050\test_errEnvelopeSpectrum\errEnvelopeSpectrum_python.png]
[6/6] Processing [sinewave_noise_270uV.csv]
  [save_fig] -> [D:\ADCToolbox\test_output\sinewave_noise_270uV\test_errEnvelopeSpectrum\errEnvelopeSpectrum_python.png]
------------------------------------------------------------
[test_errEnvelopeSpectrum] Done [6/6]
PASSED

============================== 1 passed in 1.68s ==============================

Running: tests/unit/test_inl_sine.py
============================= test session starts =============================
platform win32 -- Python 3.11.9, pytest-9.0.1, pluggy-1.6.0 -- C:\Users\zzs_a\AppData\Local\Programs\Python\Python311\python.exe
cachedir: .pytest_cache
rootdir: D:\ADCToolbox\python
configfile: pyproject.toml
collecting ... collected 1 item

python\tests\unit\test_inl_sine.py::test_inl_sine [auto_search_files] [6] files in [D:\ADCToolbox\dataset\aout\sinewave] matching [sinewave_*.csv]
[1/6] Processing [sinewave_INL_k2_0P0025_k3_0P0050.csv]
  [save_fig] -> [D:\ADCToolbox\test_output\sinewave_INL_k2_0P0025_k3_0P0050\test_inl_sine\INL_12b_sinewave_INL_k2_0P0025_k3_0P0050_python.png]
[2/6] Processing [sinewave_gain_error_0P9860.csv]
  [save_fig] -> [D:\ADCToolbox\test_output\sinewave_gain_error_0P9860\test_inl_sine\INL_12b_sinewave_gain_error_0P9860_python.png]
[3/6] Processing [sinewave_jitter_400fs.csv]
  [save_fig] -> [D:\ADCToolbox\test_output\sinewave_jitter_400fs\test_inl_sine\INL_12b_sinewave_jitter_400fs_python.png]
[4/6] Processing [sinewave_kickback_0P014.csv]
  [save_fig] -> [D:\ADCToolbox\test_output\sinewave_kickback_0P014\test_inl_sine\INL_12b_sinewave_kickback_0P014_python.png]
[5/6] Processing [sinewave_kickback_0P050.csv]
  [save_fig] -> [D:\ADCToolbox\test_output\sinewave_kickback_0P050\test_inl_sine\INL_12b_sinewave_kickback_0P050_python.png]
[6/6] Processing [sinewave_noise_270uV.csv]
  [save_fig] -> [D:\ADCToolbox\test_output\sinewave_noise_270uV\test_inl_sine\INL_12b_sinewave_noise_270uV_python.png]
------------------------------------------------------------
[test_inl_sine] Done [6/6]
PASSED

============================== 1 passed in 2.24s ==============================

[STEP 2/2] Running comparison tests...
----------------------------------------------------------------------

Running: tests/compare/test_compare_spec_plot.py
============================= test session starts =============================
platform win32 -- Python 3.11.9, pytest-9.0.1, pluggy-1.6.0 -- C:\Users\zzs_a\AppData\Local\Programs\Python\Python311\python.exe
cachedir: .pytest_cache
rootdir: D:\ADCToolbox\python
configfile: pyproject.toml
collecting ... collected 1 item

python\tests\compare\test_compare_spec_plot.py::test_compare_spec_plot [Mode: NESTED]
[discover_test_datasets] Found [4] dataset(s) with [test_specPlot] subfolder

[D:\ADCToolbox\test_output\sinewave_HD2_n70dB_HD3_n65dB\test_spec_plot] <-> [D:\ADCToolbox\test_reference\sinewave_HD2_n70dB_HD3_n65dB\test_specPlot]
  -> [SKIP] Python directory not found (dataset not processed)

[D:\ADCToolbox\test_output\sinewave_INL_k2_0P0010_k3_0P0100\test_spec_plot] <-> [D:\ADCToolbox\test_reference\sinewave_INL_k2_0P0010_k3_0P0100\test_specPlot]
  -> [SKIP] Python directory not found (dataset not processed)

[D:\ADCToolbox\test_output\sinewave_jitter_400fs\test_spec_plot] <-> [D:\ADCToolbox\test_reference\sinewave_jitter_400fs\test_specPlot]
  [ENoB    ]: [Diff: 3.20e-14] -> [PERFECT ]
  [NF      ]: [Diff: 2.63e-12] -> [PERFECT ]
  [pwr     ]: [Diff: 1.89e-15] -> [PERFECT ]
  [SFDR    ]: [Diff: 1.14e-13] -> [PERFECT ]
  [SNDR    ]: [Diff: 7.82e-14] -> [PERFECT ]
  [SNR     ]: [Diff: 2.69e-12] -> [PERFECT ]
  [THD     ]: [Diff: 1.28e-13] -> [PERFECT ]

[D:\ADCToolbox\test_output\sinewave_noise_270uV\test_spec_plot] <-> [D:\ADCToolbox\test_reference\sinewave_noise_270uV\test_specPlot]
  [ENoB    ]: [Diff: 1.60e-14] -> [PERFECT ]
  [NF      ]: [Diff: 8.38e-13] -> [PERFECT ]
  [pwr     ]: [Diff: 4.41e-16] -> [PERFECT ]
  [SFDR    ]: [Diff: 3.84e-13] -> [PERFECT ]
  [SNDR    ]: [Diff: 5.68e-14] -> [PERFECT ]
  [SNR     ]: [Diff: 8.24e-13] -> [PERFECT ]
  [THD     ]: [Diff: 5.68e-13] -> [PERFECT ]
------------------------------------------------------------
[SUMMARY] Verified 14 files.
PASSED

============================== 1 passed in 0.11s ==============================

Running: tests/compare/test_compare_spec_plot_phase.py
============================= test session starts =============================
platform win32 -- Python 3.11.9, pytest-9.0.1, pluggy-1.6.0 -- C:\Users\zzs_a\AppData\Local\Programs\Python\Python311\python.exe
cachedir: .pytest_cache
rootdir: D:\ADCToolbox\python
configfile: pyproject.toml
collecting ... collected 1 item

python\tests\compare\test_compare_spec_plot_phase.py::test_compare_spec_plot_phase [Mode: NESTED]
[discover_test_datasets] Found [2] dataset(s) with [test_specPlotPhase] subfolder

[D:\ADCToolbox\test_output\sinewave_jitter_400fs\test_spec_plot_phase] <-> [D:\ADCToolbox\test_reference\sinewave_jitter_400fs\test_specPlotPhase]
  [freq_bin  ] -> [SKIP] No MATLAB reference
  [phi_imag  ] -> [SKIP] No MATLAB reference
  [phi_real  ] -> [SKIP] No MATLAB reference
  [spec_imag ] -> [SKIP] No MATLAB reference
  [spec_mag  ] -> [SKIP] No MATLAB reference
  [spec_phase] -> [SKIP] No MATLAB reference
  [spec_real ] -> [SKIP] No MATLAB reference

[D:\ADCToolbox\test_output\sinewave_noise_270uV\test_spec_plot_phase] <-> [D:\ADCToolbox\test_reference\sinewave_noise_270uV\test_specPlotPhase]
  [freq_bin  ] -> [SKIP] No MATLAB reference
  [phi_imag  ] -> [SKIP] No MATLAB reference
  [phi_real  ] -> [SKIP] No MATLAB reference
  [spec_imag ] -> [SKIP] No MATLAB reference
  [spec_mag  ] -> [SKIP] No MATLAB reference
  [spec_phase] -> [SKIP] No MATLAB reference
  [spec_real ] -> [SKIP] No MATLAB reference
------------------------------------------------------------
[SUMMARY] Verified 14 files.
PASSED

============================== 1 passed in 0.08s ==============================

Running: tests/compare/test_compare_err_hist_sine_code.py
============================= test session starts =============================
platform win32 -- Python 3.11.9, pytest-9.0.1, pluggy-1.6.0 -- C:\Users\zzs_a\AppData\Local\Programs\Python\Python311\python.exe
cachedir: .pytest_cache
rootdir: D:\ADCToolbox\python
configfile: pyproject.toml
collecting ... collected 1 item

python\tests\compare\test_compare_err_hist_sine_code.py::test_compare_err_hist_sine_code [Mode: NESTED]
[discover_test_datasets] Found [4] dataset(s) with [test_errHistSine_code] subfolder

[D:\ADCToolbox\test_output\sinewave_HD2_n70dB_HD3_n65dB\test_err_hist_sine_code] <-> [D:\ADCToolbox\test_reference\sinewave_HD2_n70dB_HD3_n65dB\test_errHistSine_code]
  -> [SKIP] Python directory not found (dataset not processed)

[D:\ADCToolbox\test_output\sinewave_INL_k2_0P0010_k3_0P0100\test_err_hist_sine_code] <-> [D:\ADCToolbox\test_reference\sinewave_INL_k2_0P0010_k3_0P0100\test_errHistSine_code]
  -> [SKIP] Python directory not found (dataset not processed)

[D:\ADCToolbox\test_output\sinewave_jitter_400fs\test_err_hist_sine_code] <-> [D:\ADCToolbox\test_reference\sinewave_jitter_400fs\test_errHistSine_code]
  [code_axis ]: [Diff: 5.00e-16] -> [PERFECT ]
  [emean_code]: [Diff: 1.56e-15] -> [PERFECT ]
  [erms_code ]: [Diff: 5.51e-16] -> [PERFECT ]
  [k1        ]: [Diff: 3.55e-15] -> [PERFECT ]
  [k2        ]: [Diff: 5.02e-17] -> [PERFECT ]
  [k3        ]: [Diff: 3.60e-15] -> [PERFECT ]

[D:\ADCToolbox\test_output\sinewave_noise_270uV\test_err_hist_sine_code] <-> [D:\ADCToolbox\test_reference\sinewave_noise_270uV\test_errHistSine_code]
  [code_axis ]: [Diff: 5.00e-16] -> [PERFECT ]
  [emean_code]: [Diff: 5.86e-16] -> [PERFECT ]
  [erms_code ]: [Diff: 3.34e-16] -> [PERFECT ]
  [k1        ]: [Diff: 2.44e-15] -> [PERFECT ]
  [k2        ]: [Diff: 5.03e-16] -> [PERFECT ]
  [k3        ]: [Diff: 3.80e-16] -> [PERFECT ]
------------------------------------------------------------
[SUMMARY] Verified 12 files.
PASSED

============================== 1 passed in 0.11s ==============================

Running: tests/compare/test_compare_err_hist_sine_phase.py
============================= test session starts =============================
platform win32 -- Python 3.11.9, pytest-9.0.1, pluggy-1.6.0 -- C:\Users\zzs_a\AppData\Local\Programs\Python\Python311\python.exe
cachedir: .pytest_cache
rootdir: D:\ADCToolbox\python
configfile: pyproject.toml
collecting ... collected 1 item

python\tests\compare\test_compare_err_hist_sine_phase.py::test_compare_err_hist_sine_phase [Mode: NESTED]
[discover_test_datasets] Found [4] dataset(s) with [test_errHistSine_phase] subfolder

[D:\ADCToolbox\test_output\sinewave_HD2_n70dB_HD3_n65dB\test_err_hist_sine_phase] <-> [D:\ADCToolbox\test_reference\sinewave_HD2_n70dB_HD3_n65dB\test_errHistSine_phase]
  -> [SKIP] Python directory not found (dataset not processed)

[D:\ADCToolbox\test_output\sinewave_INL_k2_0P0010_k3_0P0100\test_err_hist_sine_phase] <-> [D:\ADCToolbox\test_reference\sinewave_INL_k2_0P0010_k3_0P0100\test_errHistSine_phase]
  -> [SKIP] Python directory not found (dataset not processed)

[D:\ADCToolbox\test_output\sinewave_jitter_400fs\test_err_hist_sine_phase] <-> [D:\ADCToolbox\test_reference\sinewave_jitter_400fs\test_errHistSine_phase]
  [anoi      ]: [Diff: 0.00e+00] -> [PERFECT ]
  [emean     ]: [Diff: 7.84e-16] -> [PERFECT ]
  [erms      ]: [Diff: 2.46e-16] -> [PERFECT ]
  [phase_code]: [Diff: 1.42e-14] -> [PERFECT ]
  [pnoi      ]: [Diff: 3.10e-17] -> [PERFECT ]

[D:\ADCToolbox\test_output\sinewave_noise_270uV\test_err_hist_sine_phase] <-> [D:\ADCToolbox\test_reference\sinewave_noise_270uV\test_errHistSine_phase]
  [anoi      ]: [Diff: 1.56e-04] -> [FAIL    ] <--- FAIL
  [emean     ]: [Diff: 1.21e-15] -> [PERFECT ]
  [erms      ]: [Diff: 7.15e-16] -> [PERFECT ]
  [phase_code]: [Diff: 1.42e-14] -> [PERFECT ]
  [pnoi      ]: [Diff: 2.73e-04] -> [FAIL    ] <--- FAIL
------------------------------------------------------------
[SUMMARY] Verified 10 files.

[FAILURES DETAILS]
  x sinewave_noise_270uV/anoi: FAIL (Diff: 1.56e-04)
  x sinewave_noise_270uV/pnoi: FAIL (Diff: 2.73e-04)
FAILED

================================== FAILURES ===================================
______________________ test_compare_err_hist_sine_phase _______________________

project_root = WindowsPath('D:/ADCToolbox')

    def test_compare_err_hist_sine_phase(project_root):
    
>       run_comparison_suite(project_root, matlab_test_name="test_errHistSine_phase",
                             ref_folder="test_reference", out_folder="test_output", structure="nested")

python\tests\compare\test_compare_err_hist_sine_phase.py:6: 
_ _ _ _ _ _ _ _ _ _ _ _ _ _ _ _ _ _ _ _ _ _ _ _ _ _ _ _ _ _ _ _ _ _ _ _ _ _ _ _

project_root = WindowsPath('D:/ADCToolbox')
matlab_test_name = 'test_errHistSine_phase', ref_folder = 'test_reference'
out_folder = 'test_output', structure = 'nested'

    def run_comparison_suite(project_root, matlab_test_name,
                             ref_folder="test_reference",
                             out_folder="test_output",
                             structure="nested"):
        """
        Generic runner for comparing MATLAB vs Python test results.
    
        Args:
            structure (str):
                - "nested": root / dataset / test_name (Default, e.g. sineFit)
                - "flat":   root / test_name (Simple, e.g. test_basic)
        """
        # 1. Setup
        ref_root = project_root / ref_folder  # Reference Data Root
        gen_root = project_root / out_folder  # Generated Data Root
        python_test_name = get_python_folder(matlab_test_name)
    
        print(f"[Mode: {structure.upper()}]")
    
        # -------------------------------------------------------
        # 2. Logic Branching: Determine Datasets & Paths
        # -------------------------------------------------------
        comparison_targets = []  # List of (display_name, mat_dir, py_dir)
    
        if structure == "nested":
            # Scenario: root / dataset / test_name
            datasets = discover_test_datasets(ref_root, subfolder=matlab_test_name)
            if not datasets:
                print(
                    f"[WARNING] No datasets found in {ref_root} containing '{matlab_test_name}'")
                return
    
            for ds in datasets:
                mat_dir = ref_root / ds / matlab_test_name
                py_dir = gen_root / ds / python_test_name
                comparison_targets.append((ds, mat_dir, py_dir))
    
        elif structure == "flat":
            # Scenario: root / test_name (No dataset layer)
            # We treat the test name itself as the "dataset" for display purposes
            mat_dir = ref_root / matlab_test_name
            py_dir = gen_root / python_test_name
    
            # Check if the folder exists at all
            if not mat_dir.exists():
                print(f"[WARNING] Flat reference folder not found: {mat_dir}")
                return
    
            comparison_targets.append(("Single", mat_dir, py_dir))
    
        else:
            raise ValueError(f"Unknown structure mode: {structure}")
    
        # -------------------------------------------------------
        # 3. Execution Loop (Common Logic)
        # -------------------------------------------------------
        comparator = CSVComparator()
        failures = []
        total_checks = 0
    
        for display_name, mat_dir, py_dir in comparison_targets:
            print(f"\n[{py_dir}] <-> [{mat_dir}]")
    
            # Check Directory (Python-Centric: skip if Python didn't generate it)
            if not py_dir.exists():
                print(f"  -> [SKIP] Python directory not found (dataset not processed)")
                continue
    
            # Discover Variables (Python-Centric: scan what Python generated)
            python_csv_files = sorted(py_dir.glob("*_python.csv"))
            if not python_csv_files:
                print(f"  -> [SKIP] No Python output files found")
                continue
    
            # Extract variable names from Python files
            variables = [f.stem.replace("_python", "") for f in python_csv_files]
    
            max_len = max((len(v) for v in variables), default=8)
            max_len = max(max_len, 8)
    
            for var in variables:
                total_checks += 1
                py_csv = py_dir / f"{var}_python.csv"
                mat_csv = mat_dir / f"{var}_matlab.csv"
    
                # Check if MATLAB reference exists (Skip if no reference, not FAIL)
                if not mat_csv.exists():
                    print(f"  [{var:<{max_len}}] -> [SKIP] No MATLAB reference")
                    continue
    
                # Compare
                result = comparator.compare_pair(py_csv, mat_csv)
                status, diff = result['status'], result['max_diff_abs']
    
                msg = f"  [{var:<{max_len}}]: [Diff: {diff:.2e}] -> [{status:<8}]"
    
                if status == "PERFECT":
                    print(msg)
                else:
                    print(f"{msg} <--- FAIL")
                    failures.append(
                        f"{display_name}/{var}: {status} (Diff: {diff:.2e})")
    
        # 4. Summary
        print("-" * 60)
        print(f"[SUMMARY] Verified {total_checks} files.")
    
        if failures:
            print("\n[FAILURES DETAILS]")
            print("\n".join(f"  x {f}" for f in failures))
    
>           raise AssertionError(f"Comparison failed for {len(failures)} item(s). check logs for details.")
E           AssertionError: Comparison failed for 2 item(s). check logs for details.

python\tests\compare\_runner.py:118: AssertionError
=========================== short test summary info ===========================
FAILED python\tests\compare\test_compare_err_hist_sine_phase.py::test_compare_err_hist_sine_phase
!!!!!!!!!!!!!!!!!!!!!!!!!! stopping after 1 failures !!!!!!!!!!!!!!!!!!!!!!!!!!
============================== 1 failed in 1.43s ==============================
___________________________ test_full_suite_digital ___________________________

project_root = WindowsPath('D:/ADCToolbox')

    def test_full_suite_digital(project_root):
        """
        Run full test suite for digital output (dout) tests:
        1. Generate outputs (unit tests)
        2. Validate against MATLAB (comparison tests)
        """
        print("\n" + "=" * 70)
        print("DIGITAL OUTPUT (DOUT) TEST SUITE")
        print("=" * 70)
    
        # Step 1: Generate Python outputs
        print("\n[STEP 1/2] Running unit tests to generate outputs...")
        print("-" * 70)
    
        unit_tests = [
            "tests/unit/test_bit_activity.py",
            "tests/unit/test_enob_bit_sweep.py",
            "tests/unit/test_fg_cal_sine.py",
            "tests/unit/test_weight_scaling.py",
        ]
    
        for test in unit_tests:
            test_path = project_root / "python" / test
            if test_path.exists():
                print(f"\nRunning: {test}")
                result = pytest.main(["-xvs", str(test_path)])
                if result != 0:
>                   raise AssertionError(f"Unit test failed: {test}")
E                   AssertionError: Unit test failed: tests/unit/test_bit_activity.py

python\tests\run_full_test_suite.py:161: AssertionError
---------------------------- Captured stdout call -----------------------------

======================================================================
DIGITAL OUTPUT (DOUT) TEST SUITE
======================================================================

[STEP 1/2] Running unit tests to generate outputs...
----------------------------------------------------------------------

Running: tests/unit/test_bit_activity.py
============================= test session starts =============================
platform win32 -- Python 3.11.9, pytest-9.0.1, pluggy-1.6.0 -- C:\Users\zzs_a\AppData\Local\Programs\Python\Python311\python.exe
cachedir: .pytest_cache
rootdir: D:\ADCToolbox\python
configfile: pyproject.toml
collecting ... collected 1 item

python\tests\unit\test_bit_activity.py::test_bit_activity [auto_search_files] [2] files in [D:\ADCToolbox\dataset\dout] matching [dout_*.csv]
[1/2] Processing [dout_SAR_12b_weight_1.csv]
   -> [ERROR] Failed processing dout_SAR_12b_weight_1.csv
   -> Can't find a usable tk.tcl in the following directories: 
    C:/Users/zzs_a/AppData/Local/Programs/Python/Python311/tcl/tcl8.6/tk8.6 C:/Users/zzs_a/AppData/Local/Programs/Python/Python311/tcl/tk8.6 C:/Users/zzs_a/AppData/Local/Programs/Python/lib/tk8.6 C:/Users/zzs_a/AppData/Local/Programs/Python/lib/tk8.6 C:/Users/zzs_a/AppData/Local/Programs/lib/tk8.6 C:/Users/zzs_a/AppData/Local/Programs/Python/library

C:/Users/zzs_a/AppData/Local/Programs/Python/Python311/tcl/tk8.6/tk.tcl: couldn't read file "C:/Users/zzs_a/AppData/Local/Programs/Python/Python311/tcl/tk8.6/text.tcl": no such file or directory
couldn't read file "C:/Users/zzs_a/AppData/Local/Programs/Python/Python311/tcl/tk8.6/text.tcl": no such file or directory
    while executing
"source -encoding utf-8 C:/Users/zzs_a/AppData/Local/Programs/Python/Python311/tcl/tk8.6/text.tcl"
    (in namespace eval "::" script line 1)
    invoked from within
"namespace eval :: [list source -encoding utf-8 [file join $::tk_library $file.tcl]]"
    (procedure "SourceLibFile" line 2)
    invoked from within
"SourceLibFile text"
    (in namespace eval "::tk" script line 11)
    invoked from within
"namespace eval ::tk {
	SourceLibFile icons
	SourceLibFile button
	SourceLibFile entry
	SourceLibFile listbox
	SourceLibFile menu
	SourceLibFile panedw..."
    (file "C:/Users/zzs_a/AppData/Local/Programs/Python/Python311/tcl/tk8.6/tk.tcl" line 501)
    invoked from within
"source C:/Users/zzs_a/AppData/Local/Programs/Python/Python311/tcl/tk8.6/tk.tcl"
    ("uplevel" body line 1)
    invoked from within
"uplevel #0 [list source $file]"


This probably means that tk wasn't installed properly.

[2/2] Processing [dout_SAR_12b_weight_2.csv]
  [save_fig] -> [D:\ADCToolbox\test_output\dout_SAR_12b_weight_2\test_bit_activity\bitActivity.png]
  [save_variable] -> [D:\ADCToolbox\test_output\dout_SAR_12b_weight_2\test_bit_activity\bit_usage_python.csv]
------------------------------------------------------------
[test_bit_activity] Done [1/2]
FAILED

================================== FAILURES ===================================
______________________________ test_bit_activity ______________________________

project_root = WindowsPath('D:/ADCToolbox')

    def test_bit_activity(project_root):
        """
        Batch runner for bit activity analysis.
        """
>       run_unit_test_batch(
            project_root=project_root,
            input_subpath="dataset/dout",
            test_module_name="test_bit_activity",
            file_pattern="dout_*.csv",
            output_subpath="test_output",
            process_callback=_process_bit_activity,
            flatten=False  # Digital output data is 2D (N samples x M bits)
        )

python\tests\unit\test_bit_activity.py:32: 
_ _ _ _ _ _ _ _ _ _ _ _ _ _ _ _ _ _ _ _ _ _ _ _ _ _ _ _ _ _ _ _ _ _ _ _ _ _ _ _

project_root = WindowsPath('D:/ADCToolbox'), input_subpath = 'dataset/dout'
test_module_name = 'test_bit_activity', file_pattern = 'dout_*.csv'
process_callback = <function _process_bit_activity at 0x0000020F01226700>
output_subpath = 'test_output', flatten = False

    def run_unit_test_batch(project_root, input_subpath, test_module_name, file_pattern, process_callback, output_subpath="test_output", flatten=True):
        """
        Generic batch runner for unit tests.
        Executes process_callback(raw_data, output_folder, dataset_name) for each file.
        Raises AssertionError if any file fails processing.
    
        :param output_subpath: Relative path for output (default: "test_output")
        :param flatten: Whether to flatten data to 1D (default: True for aout, False for dout)
        """
        input_dir = project_root / input_subpath
        output_dir = project_root / output_subpath  # Now configurable
    
        files_list = []
        files_list = auto_search_files(files_list, input_dir, file_pattern)
    
        success_count = 0
        failures = []
    
        for k, current_filename in enumerate(files_list, 1):
            try:
                data_file_path = input_dir / current_filename
                print(f"[{k}/{len(files_list)}] Processing [{current_filename}]")
    
                raw_data = np.loadtxt(data_file_path, delimiter=',')
                if flatten:
                    raw_data = raw_data.flatten()
    
                dataset_name = data_file_path.stem
                sub_folder = output_dir / dataset_name / test_module_name
                sub_folder.mkdir(parents=True, exist_ok=True)
    
                process_callback(raw_data, sub_folder, dataset_name)
    
                success_count += 1
    
            except Exception as e:
                error_msg = f"{current_filename}: {str(e)}"
                print(f"   -> [ERROR] Failed processing {current_filename}")
                print(f"   -> {str(e)}")
                failures.append(error_msg)
    
        print("-" * 60)
        print(f"[{test_module_name}] Done [{success_count}/{len(files_list)}]")
    
        if failures:
>           raise AssertionError(
                f"Test failed for {len(failures)} file(s):\n" + "\n".join(f"  - {f}" for f in failures)
            )
E           AssertionError: Test failed for 1 file(s):
E             - dout_SAR_12b_weight_1.csv: Can't find a usable tk.tcl in the following directories: 
E               C:/Users/zzs_a/AppData/Local/Programs/Python/Python311/tcl/tcl8.6/tk8.6 C:/Users/zzs_a/AppData/Local/Programs/Python/Python311/tcl/tk8.6 C:/Users/zzs_a/AppData/Local/Programs/Python/lib/tk8.6 C:/Users/zzs_a/AppData/Local/Programs/Python/lib/tk8.6 C:/Users/zzs_a/AppData/Local/Programs/lib/tk8.6 C:/Users/zzs_a/AppData/Local/Programs/Python/library
E           
E           C:/Users/zzs_a/AppData/Local/Programs/Python/Python311/tcl/tk8.6/tk.tcl: couldn't read file "C:/Users/zzs_a/AppData/Local/Programs/Python/Python311/tcl/tk8.6/text.tcl": no such file or directory
E           couldn't read file "C:/Users/zzs_a/AppData/Local/Programs/Python/Python311/tcl/tk8.6/text.tcl": no such file or directory
E               while executing
E           "source -encoding utf-8 C:/Users/zzs_a/AppData/Local/Programs/Python/Python311/tcl/tk8.6/text.tcl"
E               (in namespace eval "::" script line 1)
E               invoked from within
E           "namespace eval :: [list source -encoding utf-8 [file join $::tk_library $file.tcl]]"
E               (procedure "SourceLibFile" line 2)
E               invoked from within
E           "SourceLibFile text"
E               (in namespace eval "::tk" script line 11)
E               invoked from within
E           "namespace eval ::tk {
E           	SourceLibFile icons
E           	SourceLibFile button
E           	SourceLibFile entry
E           	SourceLibFile listbox
E           	SourceLibFile menu
E           	SourceLibFile panedw..."
E               (file "C:/Users/zzs_a/AppData/Local/Programs/Python/Python311/tcl/tk8.6/tk.tcl" line 501)
E               invoked from within
E           "source C:/Users/zzs_a/AppData/Local/Programs/Python/Python311/tcl/tk8.6/tk.tcl"
E               ("uplevel" body line 1)
E               invoked from within
E           "uplevel #0 [list source $file]"
E           
E           
E           This probably means that tk wasn't installed properly.

python\tests\unit\_runner.py:49: AssertionError
=========================== short test summary info ===========================
FAILED python\tests\unit\test_bit_activity.py::test_bit_activity - AssertionE...
!!!!!!!!!!!!!!!!!!!!!!!!!! stopping after 1 failures !!!!!!!!!!!!!!!!!!!!!!!!!!
============================== 1 failed in 1.62s ==============================
_____________________________ test_full_suite_all _____________________________

project_root = WindowsPath('D:/ADCToolbox')

    def test_full_suite_all(project_root):
        """
        Run the complete test suite (common + analog + digital).
        This is the master test that runs everything.
        """
        print("\n" + "=" * 70)
        print("MASTER TEST SUITE - RUNNING ALL TESTS")
        print("=" * 70)
    
        # Run all test suites
        test_full_suite_common(project_root)
>       test_full_suite_analog(project_root)

python\tests\run_full_test_suite.py:203: 
_ _ _ _ _ _ _ _ _ _ _ _ _ _ _ _ _ _ _ _ _ _ _ _ _ _ _ _ _ _ _ _ _ _ _ _ _ _ _ _

project_root = WindowsPath('D:/ADCToolbox')

    def test_full_suite_analog(project_root):
        """
        Run full test suite for analog output (aout) tests:
        1. Generate outputs (unit tests)
        2. Validate against MATLAB (comparison tests)
        """
        print("\n" + "=" * 70)
        print("ANALOG OUTPUT (AOUT) TEST SUITE")
        print("=" * 70)
    
        # Step 1: Generate Python outputs
        print("\n[STEP 1/2] Running unit tests to generate outputs...")
        print("-" * 70)
    
        unit_tests = [
            "tests/unit/test_spec_plot.py",
            "tests/unit/test_spec_plot_phase.py",
            "tests/unit/test_err_hist_sine_code.py",
            "tests/unit/test_err_hist_sine_phase.py",
            "tests/unit/test_tom_decomp.py",
            "tests/unit/test_err_pdf.py",
            "tests/unit/test_err_auto_correlation.py",
            "tests/unit/test_err_spectrum.py",
            "tests/unit/test_err_envelope_spectrum.py",
            "tests/unit/test_inl_sine.py",
        ]
    
        for test in unit_tests:
            test_path = project_root / "python" / test
            if test_path.exists():
                print(f"\nRunning: {test}")
                result = pytest.main(["-xvs", str(test_path)])
                if result != 0:
                    raise AssertionError(f"Unit test failed: {test}")
            else:
                print(f"\n[SKIP] Test not found: {test}")
    
        # Step 2: Run comparison tests
        print("\n[STEP 2/2] Running comparison tests...")
        print("-" * 70)
    
        comparison_tests = [
            "tests/compare/test_compare_spec_plot.py",
            "tests/compare/test_compare_spec_plot_phase.py",
            "tests/compare/test_compare_err_hist_sine_code.py",
            "tests/compare/test_compare_err_hist_sine_phase.py",
        ]
    
        for test in comparison_tests:
            test_path = project_root / "python" / test
            if test_path.exists():
                print(f"\nRunning: {test}")
                result = pytest.main(["-xvs", str(test_path)])
                if result != 0:
>                   raise AssertionError(f"Comparison test failed: {test}")
E                   AssertionError: Comparison test failed: tests/compare/test_compare_err_hist_sine_phase.py

python\tests\run_full_test_suite.py:125: AssertionError
---------------------------- Captured stdout call -----------------------------
\n======================================================================\nMASTER TEST SUITE - RUNNING ALL TESTS\n======================================================================\n\n======================================================================\nCOMMON TEST SUITE\n======================================================================\n\n[STEP 1/2] Running unit tests to generate outputs...\n----------------------------------------------------------------------\n\nRunning: tests/unit/test_basic.py\n============================= test session starts =============================\nplatform win32 -- Python 3.11.9, pytest-9.0.1, pluggy-1.6.0 -- C:\\Users\\zzs_a\\AppData\\Local\\Programs\\Python\\Python311\\python.exe\ncachedir: .pytest_cache\nrootdir: D:\\ADCToolbox\\python\nconfigfile: pyproject.toml\ncollecting ... collected 1 item\n\npython\\tests\\unit\\test_basic.py::test_basic [INFO] Test output directory: [D:\\ADCToolbox\\test_output\\test_basic]\n  [save_fig] -> [D:\\ADCToolbox\\test_output\\test_basic\\sinewave_basic_python.png]\n  [save_variable] -> [D:\\ADCToolbox\\test_output\\test_basic\\sinewave_python.csv]\n  [save_variable] -> [D:\\ADCToolbox\\test_output\\test_basic\\test_matrix_python.csv]\n  [save_variable] -> [D:\\ADCToolbox\\test_output\\test_basic\\test_scalar_python.csv]\nPASSED\n\n============================== 1 passed in 1.79s ==============================\n\nRunning: tests/unit/test_sine_fit.py\n============================= test session starts =============================\nplatform win32 -- Python 3.11.9, pytest-9.0.1, pluggy-1.6.0 -- C:\\Users\\zzs_a\\AppData\\Local\\Programs\\Python\\Python311\\python.exe\ncachedir: .pytest_cache\nrootdir: D:\\ADCToolbox\\python\nconfigfile: pyproject.toml\ncollecting ... collected 1 item\n\npython\\tests\\unit\\test_sine_fit.py::test_sine_fit [auto_search_files] [6] files in [D:\\ADCToolbox\\dataset\\aout\\sinewave] matching [sinewave_*.csv]\n[1/6] Processing [sinewave_INL_k2_0P0025_k3_0P0050.csv]\n  [save_variable] -> [D:\\ADCToolbox\\test_output\\sinewave_INL_k2_0P0025_k3_0P0050\\test_sine_fit\\freq_python.csv]\n  [save_variable] -> [D:\\ADCToolbox\\test_output\\sinewave_INL_k2_0P0025_k3_0P0050\\test_sine_fit\\mag_python.csv]\n  [save_variable] -> [D:\\ADCToolbox\\test_output\\sinewave_INL_k2_0P0025_k3_0P0050\\test_sine_fit\\dc_python.csv]\n  [save_variable] -> [D:\\ADCToolbox\\test_output\\sinewave_INL_k2_0P0025_k3_0P0050\\test_sine_fit\\phi_python.csv]\n  [save_variable] -> [D:\\ADCToolbox\\test_output\\sinewave_INL_k2_0P0025_k3_0P0050\\test_sine_fit\\data_fit_python.csv]\n  [save_fig] -> [D:\\ADCToolbox\\test_output\\sinewave_INL_k2_0P0025_k3_0P0050\\test_sine_fit\\sine_fit_python.png]\n[2/6] Processing [sinewave_gain_error_0P9860.csv]\n  [save_variable] -> [D:\\ADCToolbox\\test_output\\sinewave_gain_error_0P9860\\test_sine_fit\\freq_python.csv]\n  [save_variable] -> [D:\\ADCToolbox\\test_output\\sinewave_gain_error_0P9860\\test_sine_fit\\mag_python.csv]\n  [save_variable] -> [D:\\ADCToolbox\\test_output\\sinewave_gain_error_0P9860\\test_sine_fit\\dc_python.csv]\n  [save_variable] -> [D:\\ADCToolbox\\test_output\\sinewave_gain_error_0P9860\\test_sine_fit\\phi_python.csv]\n  [save_variable] -> [D:\\ADCToolbox\\test_output\\sinewave_gain_error_0P9860\\test_sine_fit\\data_fit_python.csv]\n  [save_fig] -> [D:\\ADCToolbox\\test_output\\sinewave_gain_error_0P9860\\test_sine_fit\\sine_fit_python.png]\n[3/6] Processing [sinewave_jitter_400fs.csv]\n  [save_variable] -> [D:\\ADCToolbox\\test_output\\sinewave_jitter_400fs\\test_sine_fit\\freq_python.csv]\n  [save_variable] -> [D:\\ADCToolbox\\test_output\\sinewave_jitter_400fs\\test_sine_fit\\mag_python.csv]\n  [save_variable] -> [D:\\ADCToolbox\\test_output\\sinewave_jitter_400fs\\test_sine_fit\\dc_python.csv]\n  [save_variable] -> [D:\\ADCToolbox\\test_output\\sinewave_jitter_400fs\\test_sine_fit\\phi_python.csv]\n  [save_variable] -> [D:\\ADCToolbox\\test_output\\sinewave_jitter_400fs\\test_sine_fit\\data_fit_python.csv]\n  [save_fig] -> [D:\\ADCToolbox\\test_output\\sinewave_jitter_400fs\\test_sine_fit\\sine_fit_python.png]\n[4/6] Processing [sinewave_kickback_0P014.csv]\n  [save_variable] -> [D:\\ADCToolbox\\test_output\\sinewave_kickback_0P014\\test_sine_fit\\freq_python.csv]\n  [save_variable] -> [D:\\ADCToolbox\\test_output\\sinewave_kickback_0P014\\test_sine_fit\\mag_python.csv]\n  [save_variable] -> [D:\\ADCToolbox\\test_output\\sinewave_kickback_0P014\\test_sine_fit\\dc_python.csv]\n  [save_variable] -> [D:\\ADCToolbox\\test_output\\sinewave_kickback_0P014\\test_sine_fit\\phi_python.csv]\n  [save_variable] -> [D:\\ADCToolbox\\test_output\\sinewave_kickback_0P014\\test_sine_fit\\data_fit_python.csv]\n  [save_fig] -> [D:\\ADCToolbox\\test_output\\sinewave_kickback_0P014\\test_sine_fit\\sine_fit_python.png]\n[5/6] Processing [sinewave_kickback_0P050.csv]\n  [save_variable] -> [D:\\ADCToolbox\\test_output\\sinewave_kickback_0P050\\test_sine_fit\\freq_python.csv]\n  [save_variable] -> [D:\\ADCToolbox\\test_output\\sinewave_kickback_0P050\\test_sine_fit\\mag_python.csv]\n  [save_variable] -> [D:\\ADCToolbox\\test_output\\sinewave_kickback_0P050\\test_sine_fit\\dc_python.csv]\n  [save_variable] -> [D:\\ADCToolbox\\test_output\\sinewave_kickback_0P050\\test_sine_fit\\phi_python.csv]\n  [save_variable] -> [D:\\ADCToolbox\\test_output\\sinewave_kickback_0P050\\test_sine_fit\\data_fit_python.csv]\n  [save_fig] -> [D:\\ADCToolbox\\test_output\\sinewave_kickback_0P050\\test_sine_fit\\sine_fit_python.png]\n[6/6] Processing [sinewave_noise_270uV.csv]\n  [save_variable] -> [D:\\ADCToolbox\\test_output\\sinewave_noise_270uV\\test_sine_fit\\freq_python.csv]\n  [save_variable] -> [D:\\ADCToolbox\\test_output\\sinewave_noise_270uV\\test_sine_fit\\mag_python.csv]\n  [save_variable] -> [D:\\ADCToolbox\\test_output\\sinewave_noise_270uV\\test_sine_fit\\dc_python.csv]\n  [save_variable] -> [D:\\ADCToolbox\\test_output\\sinewave_noise_270uV\\test_sine_fit\\phi_python.csv]\n  [save_variable] -> [D:\\ADCToolbox\\test_output\\sinewave_noise_270uV\\test_sine_fit\\data_fit_python.csv]\n  [save_fig] -> [D:\\ADCToolbox\\test_output\\sinewave_noise_270uV\\test_sine_fit\\sine_fit_python.png]\n------------------------------------------------------------\n[test_sine_fit] Done [6/6]\nPASSED\n\n============================== 1 passed in 8.29s ==============================\n\nRunning: tests/unit/test_alias.py\n============================= test session starts =============================\nplatform win32 -- Python 3.11.9, pytest-9.0.1, pluggy-1.6.0 -- C:\\Users\\zzs_a\\AppData\\Local\\Programs\\Python\\Python311\\python.exe\ncachedir: .pytest_cache\nrootdir: D:\\ADCToolbox\\python\nconfigfile: pyproject.toml\ncollecting ... collected 1 item\n\npython\\tests\\unit\\test_alias.py::test_alias [INFO] Test output directory: [D:\\ADCToolbox\\test_output\\test_alias]\nTesting alias function (Fs=1000 Hz):\n  [OK] alias(100, 1000) = 100 Hz (expected 100)\n  [OK] alias(600, 1000) = 400 Hz (expected 400)\n  [OK] alias(1000, 1000) = 0 Hz (expected 0)\n  [OK] alias(1200, 1000) = 200 Hz (expected 200)\n  [OK] alias(1600, 1000) = 400 Hz (expected 400)\n[Alias report] saved to: D:\\ADCToolbox\\test_output\\test_alias\\alias_report.txt\n  [save_variable] -> [D:\\ADCToolbox\\test_output\\test_alias\\alias_results_python.csv]\nPASSED\n\n============================== 1 passed in 0.09s ==============================\n\n[STEP 2/2] Running comparison tests...\n----------------------------------------------------------------------\n\nRunning: tests/compare/test_compare_basic.py\n============================= test session starts =============================\nplatform win32 -- Python 3.11.9, pytest-9.0.1, pluggy-1.6.0 -- C:\\Users\\zzs_a\\AppData\\Local\\Programs\\Python\\Python311\\python.exe\ncachedir: .pytest_cache\nrootdir: D:\\ADCToolbox\\python\nconfigfile: pyproject.toml\ncollecting ... collected 1 item\n\npython\\tests\\compare\\test_compare_basic.py::test_compare_basic [Mode: FLAT]\n\n[D:\\ADCToolbox\\test_output\\test_basic] <-> [D:\\ADCToolbox\\test_reference\\test_basic]\n  [sinewave   ]: [Diff: 5.00e-16] -> [PERFECT ]\n  [test_matrix]: [Diff: 5.55e-16] -> [PERFECT ]\n  [test_scalar]: [Diff: 1.11e-16] -> [PERFECT ]\n------------------------------------------------------------\n[SUMMARY] Verified 3 files.\nPASSED\n\n============================== 1 passed in 0.08s ==============================\n\nRunning: tests/compare/test_compare_sine_fit.py\n============================= test session starts =============================\nplatform win32 -- Python 3.11.9, pytest-9.0.1, pluggy-1.6.0 -- C:\\Users\\zzs_a\\AppData\\Local\\Programs\\Python\\Python311\\python.exe\ncachedir: .pytest_cache\nrootdir: D:\\ADCToolbox\\python\nconfigfile: pyproject.toml\ncollecting ... collected 1 item\n\npython\\tests\\compare\\test_compare_sine_fit.py::test_compare_sine_fit [Mode: NESTED]\n[discover_test_datasets] Found [4] dataset(s) with [test_sineFit] subfolder\n\n[D:\\ADCToolbox\\test_output\\sinewave_HD2_n70dB_HD3_n65dB\\test_sine_fit] <-> [D:\\ADCToolbox\\test_reference\\sinewave_HD2_n70dB_HD3_n65dB\\test_sineFit]\n  -> [SKIP] Python directory not found (dataset not processed)\n\n[D:\\ADCToolbox\\test_output\\sinewave_INL_k2_0P0010_k3_0P0100\\test_sine_fit] <-> [D:\\ADCToolbox\\test_reference\\sinewave_INL_k2_0P0010_k3_0P0100\\test_sineFit]\n  -> [SKIP] Python directory not found (dataset not processed)\n\n[D:\\ADCToolbox\\test_output\\sinewave_jitter_400fs\\test_sine_fit] <-> [D:\\ADCToolbox\\test_reference\\sinewave_jitter_400fs\\test_sineFit]\n  [data_fit]: [Diff: 1.69e-15] -> [PERFECT ]\n  [dc      ]: [Diff: 5.00e-16] -> [PERFECT ]\n  [freq    ]: [Diff: 2.22e-16] -> [PERFECT ]\n  [mag     ]: [Diff: 1.05e-15] -> [PERFECT ]\n  [phi     ]: [Diff: 3.77e-15] -> [PERFECT ]\n\n[D:\\ADCToolbox\\test_output\\sinewave_noise_270uV\\test_sine_fit] <-> [D:\\ADCToolbox\\test_reference\\sinewave_noise_270uV\\test_sineFit]\n  [data_fit]: [Diff: 1.67e-15] -> [PERFECT ]\n  [dc      ]: [Diff: 5.00e-16] -> [PERFECT ]\n  [freq    ]: [Diff: 1.11e-16] -> [PERFECT ]\n  [mag     ]: [Diff: 8.33e-16] -> [PERFECT ]\n  [phi     ]: [Diff: 2.44e-15] -> [PERFECT ]\n------------------------------------------------------------\n[SUMMARY] Verified 10 files.\nPASSED\n\n============================== 1 passed in 0.11s ==============================\n\n======================================================================\n\u2713 COMMON TEST SUITE PASSED\n======================================================================\n\n======================================================================\nANALOG OUTPUT (AOUT) TEST SUITE\n======================================================================\n\n[STEP 1/2] Running unit tests to generate outputs...\n----------------------------------------------------------------------\n\nRunning: tests/unit/test_spec_plot.py\n============================= test session starts =============================\nplatform win32 -- Python 3.11.9, pytest-9.0.1, pluggy-1.6.0 -- C:\\Users\\zzs_a\\AppData\\Local\\Programs\\Python\\Python311\\python.exe\ncachedir: .pytest_cache\nrootdir: D:\\ADCToolbox\\python\nconfigfile: pyproject.toml\ncollecting ... collected 1 item\n\npython\\tests\\unit\\test_spec_plot.py::test_spec_plot [auto_search_files] [6] files in [D:\\ADCToolbox\\dataset\\aout\\sinewave] matching [sinewave_*.csv]\n[1/6] Processing [sinewave_INL_k2_0P0025_k3_0P0050.csv]\n  [save_variable] -> [D:\\ADCToolbox\\test_output\\sinewave_INL_k2_0P0025_k3_0P0050\\test_spec_plot\\ENoB_python.csv]\n  [save_variable] -> [D:\\ADCToolbox\\test_output\\sinewave_INL_k2_0P0025_k3_0P0050\\test_spec_plot\\SNDR_python.csv]\n  [save_variable] -> [D:\\ADCToolbox\\test_output\\sinewave_INL_k2_0P0025_k3_0P0050\\test_spec_plot\\SFDR_python.csv]\n  [save_variable] -> [D:\\ADCToolbox\\test_output\\sinewave_INL_k2_0P0025_k3_0P0050\\test_spec_plot\\SNR_python.csv]\n  [save_variable] -> [D:\\ADCToolbox\\test_output\\sinewave_INL_k2_0P0025_k3_0P0050\\test_spec_plot\\THD_python.csv]\n  [save_variable] -> [D:\\ADCToolbox\\test_output\\sinewave_INL_k2_0P0025_k3_0P0050\\test_spec_plot\\pwr_python.csv]\n  [save_variable] -> [D:\\ADCToolbox\\test_output\\sinewave_INL_k2_0P0025_k3_0P0050\\test_spec_plot\\NF_python.csv]\n  [save_fig] -> [D:\\ADCToolbox\\test_output\\sinewave_INL_k2_0P0025_k3_0P0050\\test_spec_plot\\spectrum_python.png]\n[2/6] Processing [sinewave_gain_error_0P9860.csv]\n  [save_variable] -> [D:\\ADCToolbox\\test_output\\sinewave_gain_error_0P9860\\test_spec_plot\\ENoB_python.csv]\n  [save_variable] -> [D:\\ADCToolbox\\test_output\\sinewave_gain_error_0P9860\\test_spec_plot\\SNDR_python.csv]\n  [save_variable] -> [D:\\ADCToolbox\\test_output\\sinewave_gain_error_0P9860\\test_spec_plot\\SFDR_python.csv]\n  [save_variable] -> [D:\\ADCToolbox\\test_output\\sinewave_gain_error_0P9860\\test_spec_plot\\SNR_python.csv]\n  [save_variable] -> [D:\\ADCToolbox\\test_output\\sinewave_gain_error_0P9860\\test_spec_plot\\THD_python.csv]\n  [save_variable] -> [D:\\ADCToolbox\\test_output\\sinewave_gain_error_0P9860\\test_spec_plot\\pwr_python.csv]\n  [save_variable] -> [D:\\ADCToolbox\\test_output\\sinewave_gain_error_0P9860\\test_spec_plot\\NF_python.csv]\n  [save_fig] -> [D:\\ADCToolbox\\test_output\\sinewave_gain_error_0P9860\\test_spec_plot\\spectrum_python.png]\n[3/6] Processing [sinewave_jitter_400fs.csv]\n  [save_variable] -> [D:\\ADCToolbox\\test_output\\sinewave_jitter_400fs\\test_spec_plot\\ENoB_python.csv]\n  [save_variable] -> [D:\\ADCToolbox\\test_output\\sinewave_jitter_400fs\\test_spec_plot\\SNDR_python.csv]\n  [save_variable] -> [D:\\ADCToolbox\\test_output\\sinewave_jitter_400fs\\test_spec_plot\\SFDR_python.csv]\n  [save_variable] -> [D:\\ADCToolbox\\test_output\\sinewave_jitter_400fs\\test_spec_plot\\SNR_python.csv]\n  [save_variable] -> [D:\\ADCToolbox\\test_output\\sinewave_jitter_400fs\\test_spec_plot\\THD_python.csv]\n  [save_variable] -> [D:\\ADCToolbox\\test_output\\sinewave_jitter_400fs\\test_spec_plot\\pwr_python.csv]\n  [save_variable] -> [D:\\ADCToolbox\\test_output\\sinewave_jitter_400fs\\test_spec_plot\\NF_python.csv]\n  [save_fig] -> [D:\\ADCToolbox\\test_output\\sinewave_jitter_400fs\\test_spec_plot\\spectrum_python.png]\n[4/6] Processing [sinewave_kickback_0P014.csv]\n  [save_variable] -> [D:\\ADCToolbox\\test_output\\sinewave_kickback_0P014\\test_spec_plot\\ENoB_python.csv]\n  [save_variable] -> [D:\\ADCToolbox\\test_output\\sinewave_kickback_0P014\\test_spec_plot\\SNDR_python.csv]\n  [save_variable] -> [D:\\ADCToolbox\\test_output\\sinewave_kickback_0P014\\test_spec_plot\\SFDR_python.csv]\n  [save_variable] -> [D:\\ADCToolbox\\test_output\\sinewave_kickback_0P014\\test_spec_plot\\SNR_python.csv]\n  [save_variable] -> [D:\\ADCToolbox\\test_output\\sinewave_kickback_0P014\\test_spec_plot\\THD_python.csv]\n  [save_variable] -> [D:\\ADCToolbox\\test_output\\sinewave_kickback_0P014\\test_spec_plot\\pwr_python.csv]\n  [save_variable] -> [D:\\ADCToolbox\\test_output\\sinewave_kickback_0P014\\test_spec_plot\\NF_python.csv]\n  [save_fig] -> [D:\\ADCToolbox\\test_output\\sinewave_kickback_0P014\\test_spec_plot\\spectrum_python.png]\n[5/6] Processing [sinewave_kickback_0P050.csv]\n  [save_variable] -> [D:\\ADCToolbox\\test_output\\sinewave_kickback_0P050\\test_spec_plot\\ENoB_python.csv]\n  [save_variable] -> [D:\\ADCToolbox\\test_output\\sinewave_kickback_0P050\\test_spec_plot\\SNDR_python.csv]\n  [save_variable] -> [D:\\ADCToolbox\\test_output\\sinewave_kickback_0P050\\test_spec_plot\\SFDR_python.csv]\n  [save_variable] -> [D:\\ADCToolbox\\test_output\\sinewave_kickback_0P050\\test_spec_plot\\SNR_python.csv]\n  [save_variable] -> [D:\\ADCToolbox\\test_output\\sinewave_kickback_0P050\\test_spec_plot\\THD_python.csv]\n  [save_variable] -> [D:\\ADCToolbox\\test_output\\sinewave_kickback_0P050\\test_spec_plot\\pwr_python.csv]\n  [save_variable] -> [D:\\ADCToolbox\\test_output\\sinewave_kickback_0P050\\test_spec_plot\\NF_python.csv]\n  [save_fig] -> [D:\\ADCToolbox\\test_output\\sinewave_kickback_0P050\\test_spec_plot\\spectrum_python.png]\n[6/6] Processing [sinewave_noise_270uV.csv]\n  [save_variable] -> [D:\\ADCToolbox\\test_output\\sinewave_noise_270uV\\test_spec_plot\\ENoB_python.csv]\n  [save_variable] -> [D:\\ADCToolbox\\test_output\\sinewave_noise_270uV\\test_spec_plot\\SNDR_python.csv]\n  [save_variable] -> [D:\\ADCToolbox\\test_output\\sinewave_noise_270uV\\test_spec_plot\\SFDR_python.csv]\n  [save_variable] -> [D:\\ADCToolbox\\test_output\\sinewave_noise_270uV\\test_spec_plot\\SNR_python.csv]\n  [save_variable] -> [D:\\ADCToolbox\\test_output\\sinewave_noise_270uV\\test_spec_plot\\THD_python.csv]\n  [save_variable] -> [D:\\ADCToolbox\\test_output\\sinewave_noise_270uV\\test_spec_plot\\pwr_python.csv]\n  [save_variable] -> [D:\\ADCToolbox\\test_output\\sinewave_noise_270uV\\test_spec_plot\\NF_python.csv]\n  [save_fig] -> [D:\\ADCToolbox\\test_output\\sinewave_noise_270uV\\test_spec_plot\\spectrum_python.png]\n------------------------------------------------------------\n[test_spec_plot] Done [6/6]\nPASSED\n\n============================== 1 passed in 8.50s ==============================\n\nRunning: tests/unit/test_spec_plot_phase.py\n============================= test session starts =============================\nplatform win32 -- Python 3.11.9, pytest-9.0.1, pluggy-1.6.0 -- C:\\Users\\zzs_a\\AppData\\Local\\Programs\\Python\\Python311\\python.exe\ncachedir: .pytest_cache\nrootdir: D:\\ADCToolbox\\python\nconfigfile: pyproject.toml\ncollecting ... collected 1 item\n\npython\\tests\\unit\\test_spec_plot_phase.py::test_spec_plot_phase [auto_search_files] [6] files in [D:\\ADCToolbox\\dataset\\aout\\sinewave] matching [sinewave_*.csv]\n[1/6] Processing: [sinewave_INL_k2_0P0025_k3_0P0050.csv]\n[specPlotPhase] Figure saved to: D:\\ADCToolbox\\test_output\\sinewave_INL_k2_0P0025_k3_0P0050\\test_spec_plot_phase\\phase_python.png\n  [save_variable] -> [D:\\ADCToolbox\\test_output\\sinewave_INL_k2_0P0025_k3_0P0050\\test_spec_plot_phase\\freq_bin_python.csv]\n  [save_variable] -> [D:\\ADCToolbox\\test_output\\sinewave_INL_k2_0P0025_k3_0P0050\\test_spec_plot_phase\\spec_real_python.csv]\n  [save_variable] -> [D:\\ADCToolbox\\test_output\\sinewave_INL_k2_0P0025_k3_0P0050\\test_spec_plot_phase\\spec_imag_python.csv]\n  [save_variable] -> [D:\\ADCToolbox\\test_output\\sinewave_INL_k2_0P0025_k3_0P0050\\test_spec_plot_phase\\spec_mag_python.csv]\n  [save_variable] -> [D:\\ADCToolbox\\test_output\\sinewave_INL_k2_0P0025_k3_0P0050\\test_spec_plot_phase\\spec_phase_python.csv]\n  [save_variable] -> [D:\\ADCToolbox\\test_output\\sinewave_INL_k2_0P0025_k3_0P0050\\test_spec_plot_phase\\phi_real_python.csv]\n  [save_variable] -> [D:\\ADCToolbox\\test_output\\sinewave_INL_k2_0P0025_k3_0P0050\\test_spec_plot_phase\\phi_imag_python.csv]\n[2/6] Processing: [sinewave_gain_error_0P9860.csv]\n[specPlotPhase] Figure saved to: D:\\ADCToolbox\\test_output\\sinewave_gain_error_0P9860\\test_spec_plot_phase\\phase_python.png\n  [save_variable] -> [D:\\ADCToolbox\\test_output\\sinewave_gain_error_0P9860\\test_spec_plot_phase\\freq_bin_python.csv]\n  [save_variable] -> [D:\\ADCToolbox\\test_output\\sinewave_gain_error_0P9860\\test_spec_plot_phase\\spec_real_python.csv]\n  [save_variable] -> [D:\\ADCToolbox\\test_output\\sinewave_gain_error_0P9860\\test_spec_plot_phase\\spec_imag_python.csv]\n  [save_variable] -> [D:\\ADCToolbox\\test_output\\sinewave_gain_error_0P9860\\test_spec_plot_phase\\spec_mag_python.csv]\n  [save_variable] -> [D:\\ADCToolbox\\test_output\\sinewave_gain_error_0P9860\\test_spec_plot_phase\\spec_phase_python.csv]\n  [save_variable] -> [D:\\ADCToolbox\\test_output\\sinewave_gain_error_0P9860\\test_spec_plot_phase\\phi_real_python.csv]\n  [save_variable] -> [D:\\ADCToolbox\\test_output\\sinewave_gain_error_0P9860\\test_spec_plot_phase\\phi_imag_python.csv]\n[3/6] Processing: [sinewave_jitter_400fs.csv]\n[specPlotPhase] Figure saved to: D:\\ADCToolbox\\test_output\\sinewave_jitter_400fs\\test_spec_plot_phase\\phase_python.png\n  [save_variable] -> [D:\\ADCToolbox\\test_output\\sinewave_jitter_400fs\\test_spec_plot_phase\\freq_bin_python.csv]\n  [save_variable] -> [D:\\ADCToolbox\\test_output\\sinewave_jitter_400fs\\test_spec_plot_phase\\spec_real_python.csv]\n  [save_variable] -> [D:\\ADCToolbox\\test_output\\sinewave_jitter_400fs\\test_spec_plot_phase\\spec_imag_python.csv]\n  [save_variable] -> [D:\\ADCToolbox\\test_output\\sinewave_jitter_400fs\\test_spec_plot_phase\\spec_mag_python.csv]\n  [save_variable] -> [D:\\ADCToolbox\\test_output\\sinewave_jitter_400fs\\test_spec_plot_phase\\spec_phase_python.csv]\n  [save_variable] -> [D:\\ADCToolbox\\test_output\\sinewave_jitter_400fs\\test_spec_plot_phase\\phi_real_python.csv]\n  [save_variable] -> [D:\\ADCToolbox\\test_output\\sinewave_jitter_400fs\\test_spec_plot_phase\\phi_imag_python.csv]\n[4/6] Processing: [sinewave_kickback_0P014.csv]\n[specPlotPhase] Figure saved to: D:\\ADCToolbox\\test_output\\sinewave_kickback_0P014\\test_spec_plot_phase\\phase_python.png\n  [save_variable] -> [D:\\ADCToolbox\\test_output\\sinewave_kickback_0P014\\test_spec_plot_phase\\freq_bin_python.csv]\n  [save_variable] -> [D:\\ADCToolbox\\test_output\\sinewave_kickback_0P014\\test_spec_plot_phase\\spec_real_python.csv]\n  [save_variable] -> [D:\\ADCToolbox\\test_output\\sinewave_kickback_0P014\\test_spec_plot_phase\\spec_imag_python.csv]\n  [save_variable] -> [D:\\ADCToolbox\\test_output\\sinewave_kickback_0P014\\test_spec_plot_phase\\spec_mag_python.csv]\n  [save_variable] -> [D:\\ADCToolbox\\test_output\\sinewave_kickback_0P014\\test_spec_plot_phase\\spec_phase_python.csv]\n  [save_variable] -> [D:\\ADCToolbox\\test_output\\sinewave_kickback_0P014\\test_spec_plot_phase\\phi_real_python.csv]\n  [save_variable] -> [D:\\ADCToolbox\\test_output\\sinewave_kickback_0P014\\test_spec_plot_phase\\phi_imag_python.csv]\n[5/6] Processing: [sinewave_kickback_0P050.csv]\n[specPlotPhase] Figure saved to: D:\\ADCToolbox\\test_output\\sinewave_kickback_0P050\\test_spec_plot_phase\\phase_python.png\n  [save_variable] -> [D:\\ADCToolbox\\test_output\\sinewave_kickback_0P050\\test_spec_plot_phase\\freq_bin_python.csv]\n  [save_variable] -> [D:\\ADCToolbox\\test_output\\sinewave_kickback_0P050\\test_spec_plot_phase\\spec_real_python.csv]\n  [save_variable] -> [D:\\ADCToolbox\\test_output\\sinewave_kickback_0P050\\test_spec_plot_phase\\spec_imag_python.csv]\n  [save_variable] -> [D:\\ADCToolbox\\test_output\\sinewave_kickback_0P050\\test_spec_plot_phase\\spec_mag_python.csv]\n  [save_variable] -> [D:\\ADCToolbox\\test_output\\sinewave_kickback_0P050\\test_spec_plot_phase\\spec_phase_python.csv]\n  [save_variable] -> [D:\\ADCToolbox\\test_output\\sinewave_kickback_0P050\\test_spec_plot_phase\\phi_real_python.csv]\n  [save_variable] -> [D:\\ADCToolbox\\test_output\\sinewave_kickback_0P050\\test_spec_plot_phase\\phi_imag_python.csv]\n[6/6] Processing: [sinewave_noise_270uV.csv]\n[specPlotPhase] Figure saved to: D:\\ADCToolbox\\test_output\\sinewave_noise_270uV\\test_spec_plot_phase\\phase_python.png\n  [save_variable] -> [D:\\ADCToolbox\\test_output\\sinewave_noise_270uV\\test_spec_plot_phase\\freq_bin_python.csv]\n  [save_variable] -> [D:\\ADCToolbox\\test_output\\sinewave_noise_270uV\\test_spec_plot_phase\\spec_real_python.csv]\n  [save_variable] -> [D:\\ADCToolbox\\test_output\\sinewave_noise_270uV\\test_spec_plot_phase\\spec_imag_python.csv]\n  [save_variable] -> [D:\\ADCToolbox\\test_output\\sinewave_noise_270uV\\test_spec_plot_phase\\spec_mag_python.csv]\n  [save_variable] -> [D:\\ADCToolbox\\test_output\\sinewave_noise_270uV\\test_spec_plot_phase\\spec_phase_python.csv]\n  [save_variable] -> [D:\\ADCToolbox\\test_output\\sinewave_noise_270uV\\test_spec_plot_phase\\phi_real_python.csv]\n  [save_variable] -> [D:\\ADCToolbox\\test_output\\sinewave_noise_270uV\\test_spec_plot_phase\\phi_imag_python.csv]\n------------------------------------------------------------\n[DONE] Generation complete. Success: 6/6\nPASSED\n\n============================= 1 passed in 12.61s ==============================\n\nRunning: tests/unit/test_err_hist_sine_code.py\n============================= test session starts =============================\nplatform win32 -- Python 3.11.9, pytest-9.0.1, pluggy-1.6.0 -- C:\\Users\\zzs_a\\AppData\\Local\\Programs\\Python\\Python311\\python.exe\ncachedir: .pytest_cache\nrootdir: D:\\ADCToolbox\\python\nconfigfile: pyproject.toml\ncollecting ... collected 1 item\n\npython\\tests\\unit\\test_err_hist_sine_code.py::test_err_hist_sine_code [auto_search_files] [6] files in [D:\\ADCToolbox\\dataset\\aout\\sinewave] matching [sinewave_*.csv]\n[1/6] Processing [sinewave_INL_k2_0P0025_k3_0P0050.csv]\n  [save_variable] -> [D:\\ADCToolbox\\test_output\\sinewave_INL_k2_0P0025_k3_0P0050\\test_err_hist_sine_code\\code_axis_python.csv]\n  [save_variable] -> [D:\\ADCToolbox\\test_output\\sinewave_INL_k2_0P0025_k3_0P0050\\test_err_hist_sine_code\\emean_code_python.csv]\n  [save_variable] -> [D:\\ADCToolbox\\test_output\\sinewave_INL_k2_0P0025_k3_0P0050\\test_err_hist_sine_code\\erms_code_python.csv]\n  [save_variable] -> [D:\\ADCToolbox\\test_output\\sinewave_INL_k2_0P0025_k3_0P0050\\test_err_hist_sine_code\\k1_python.csv]\n  [save_variable] -> [D:\\ADCToolbox\\test_output\\sinewave_INL_k2_0P0025_k3_0P0050\\test_err_hist_sine_code\\k2_python.csv]\n  [save_variable] -> [D:\\ADCToolbox\\test_output\\sinewave_INL_k2_0P0025_k3_0P0050\\test_err_hist_sine_code\\k3_python.csv]\n  [save_fig] -> [D:\\ADCToolbox\\test_output\\sinewave_INL_k2_0P0025_k3_0P0050\\test_err_hist_sine_code\\errHistSine_code_python.png]\n[2/6] Processing [sinewave_gain_error_0P9860.csv]\n  [save_variable] -> [D:\\ADCToolbox\\test_output\\sinewave_gain_error_0P9860\\test_err_hist_sine_code\\code_axis_python.csv]\n  [save_variable] -> [D:\\ADCToolbox\\test_output\\sinewave_gain_error_0P9860\\test_err_hist_sine_code\\emean_code_python.csv]\n  [save_variable] -> [D:\\ADCToolbox\\test_output\\sinewave_gain_error_0P9860\\test_err_hist_sine_code\\erms_code_python.csv]\n  [save_variable] -> [D:\\ADCToolbox\\test_output\\sinewave_gain_error_0P9860\\test_err_hist_sine_code\\k1_python.csv]\n  [save_variable] -> [D:\\ADCToolbox\\test_output\\sinewave_gain_error_0P9860\\test_err_hist_sine_code\\k2_python.csv]\n  [save_variable] -> [D:\\ADCToolbox\\test_output\\sinewave_gain_error_0P9860\\test_err_hist_sine_code\\k3_python.csv]\n  [save_fig] -> [D:\\ADCToolbox\\test_output\\sinewave_gain_error_0P9860\\test_err_hist_sine_code\\errHistSine_code_python.png]\n[3/6] Processing [sinewave_jitter_400fs.csv]\n  [save_variable] -> [D:\\ADCToolbox\\test_output\\sinewave_jitter_400fs\\test_err_hist_sine_code\\code_axis_python.csv]\n  [save_variable] -> [D:\\ADCToolbox\\test_output\\sinewave_jitter_400fs\\test_err_hist_sine_code\\emean_code_python.csv]\n  [save_variable] -> [D:\\ADCToolbox\\test_output\\sinewave_jitter_400fs\\test_err_hist_sine_code\\erms_code_python.csv]\n  [save_variable] -> [D:\\ADCToolbox\\test_output\\sinewave_jitter_400fs\\test_err_hist_sine_code\\k1_python.csv]\n  [save_variable] -> [D:\\ADCToolbox\\test_output\\sinewave_jitter_400fs\\test_err_hist_sine_code\\k2_python.csv]\n  [save_variable] -> [D:\\ADCToolbox\\test_output\\sinewave_jitter_400fs\\test_err_hist_sine_code\\k3_python.csv]\n  [save_fig] -> [D:\\ADCToolbox\\test_output\\sinewave_jitter_400fs\\test_err_hist_sine_code\\errHistSine_code_python.png]\n[4/6] Processing [sinewave_kickback_0P014.csv]\n  [save_variable] -> [D:\\ADCToolbox\\test_output\\sinewave_kickback_0P014\\test_err_hist_sine_code\\code_axis_python.csv]\n  [save_variable] -> [D:\\ADCToolbox\\test_output\\sinewave_kickback_0P014\\test_err_hist_sine_code\\emean_code_python.csv]\n  [save_variable] -> [D:\\ADCToolbox\\test_output\\sinewave_kickback_0P014\\test_err_hist_sine_code\\erms_code_python.csv]\n  [save_variable] -> [D:\\ADCToolbox\\test_output\\sinewave_kickback_0P014\\test_err_hist_sine_code\\k1_python.csv]\n  [save_variable] -> [D:\\ADCToolbox\\test_output\\sinewave_kickback_0P014\\test_err_hist_sine_code\\k2_python.csv]\n  [save_variable] -> [D:\\ADCToolbox\\test_output\\sinewave_kickback_0P014\\test_err_hist_sine_code\\k3_python.csv]\n  [save_fig] -> [D:\\ADCToolbox\\test_output\\sinewave_kickback_0P014\\test_err_hist_sine_code\\errHistSine_code_python.png]\n[5/6] Processing [sinewave_kickback_0P050.csv]\n  [save_variable] -> [D:\\ADCToolbox\\test_output\\sinewave_kickback_0P050\\test_err_hist_sine_code\\code_axis_python.csv]\n  [save_variable] -> [D:\\ADCToolbox\\test_output\\sinewave_kickback_0P050\\test_err_hist_sine_code\\emean_code_python.csv]\n  [save_variable] -> [D:\\ADCToolbox\\test_output\\sinewave_kickback_0P050\\test_err_hist_sine_code\\erms_code_python.csv]\n  [save_variable] -> [D:\\ADCToolbox\\test_output\\sinewave_kickback_0P050\\test_err_hist_sine_code\\k1_python.csv]\n  [save_variable] -> [D:\\ADCToolbox\\test_output\\sinewave_kickback_0P050\\test_err_hist_sine_code\\k2_python.csv]\n  [save_variable] -> [D:\\ADCToolbox\\test_output\\sinewave_kickback_0P050\\test_err_hist_sine_code\\k3_python.csv]\n  [save_fig] -> [D:\\ADCToolbox\\test_output\\sinewave_kickback_0P050\\test_err_hist_sine_code\\errHistSine_code_python.png]\n[6/6] Processing [sinewave_noise_270uV.csv]\n  [save_variable] -> [D:\\ADCToolbox\\test_output\\sinewave_noise_270uV\\test_err_hist_sine_code\\code_axis_python.csv]\n  [save_variable] -> [D:\\ADCToolbox\\test_output\\sinewave_noise_270uV\\test_err_hist_sine_code\\emean_code_python.csv]\n  [save_variable] -> [D:\\ADCToolbox\\test_output\\sinewave_noise_270uV\\test_err_hist_sine_code\\erms_code_python.csv]\n  [save_variable] -> [D:\\ADCToolbox\\test_output\\sinewave_noise_270uV\\test_err_hist_sine_code\\k1_python.csv]\n  [save_variable] -> [D:\\ADCToolbox\\test_output\\sinewave_noise_270uV\\test_err_hist_sine_code\\k2_python.csv]\n  [save_variable] -> [D:\\ADCToolbox\\test_output\\sinewave_noise_270uV\\test_err_hist_sine_code\\k3_python.csv]\n  [save_fig] -> [D:\\ADCToolbox\\test_output\\sinewave_noise_270uV\\test_err_hist_sine_code\\errHistSine_code_python.png]\n------------------------------------------------------------\n[test_err_hist_sine_code] Done [6/6]\nPASSED\n\n============================= 1 passed in 17.17s ==============================\n\nRunning: tests/unit/test_err_hist_sine_phase.py\n============================= test session starts =============================\nplatform win32 -- Python 3.11.9, pytest-9.0.1, pluggy-1.6.0 -- C:\\Users\\zzs_a\\AppData\\Local\\Programs\\Python\\Python311\\python.exe\ncachedir: .pytest_cache\nrootdir: D:\\ADCToolbox\\python\nconfigfile: pyproject.toml\ncollecting ... collected 1 item\n\npython\\tests\\unit\\test_err_hist_sine_phase.py::test_err_hist_sine_phase [auto_search_files] [6] files in [D:\\ADCToolbox\\dataset\\aout\\sinewave] matching [sinewave_*.csv]\n[1/6] Processing [sinewave_INL_k2_0P0025_k3_0P0050.csv]\n  [save_variable] -> [D:\\ADCToolbox\\test_output\\sinewave_INL_k2_0P0025_k3_0P0050\\test_err_hist_sine_phase\\anoi_python.csv]\n  [save_variable] -> [D:\\ADCToolbox\\test_output\\sinewave_INL_k2_0P0025_k3_0P0050\\test_err_hist_sine_phase\\pnoi_python.csv]\n  [save_variable] -> [D:\\ADCToolbox\\test_output\\sinewave_INL_k2_0P0025_k3_0P0050\\test_err_hist_sine_phase\\phase_code_python.csv]\n  [save_variable] -> [D:\\ADCToolbox\\test_output\\sinewave_INL_k2_0P0025_k3_0P0050\\test_err_hist_sine_phase\\emean_python.csv]\n  [save_variable] -> [D:\\ADCToolbox\\test_output\\sinewave_INL_k2_0P0025_k3_0P0050\\test_err_hist_sine_phase\\erms_python.csv]\n  [save_fig] -> [D:\\ADCToolbox\\test_output\\sinewave_INL_k2_0P0025_k3_0P0050\\test_err_hist_sine_phase\\errHistSine_phase_python.png]\n[2/6] Processing [sinewave_gain_error_0P9860.csv]\n  [save_variable] -> [D:\\ADCToolbox\\test_output\\sinewave_gain_error_0P9860\\test_err_hist_sine_phase\\anoi_python.csv]\n  [save_variable] -> [D:\\ADCToolbox\\test_output\\sinewave_gain_error_0P9860\\test_err_hist_sine_phase\\pnoi_python.csv]\n  [save_variable] -> [D:\\ADCToolbox\\test_output\\sinewave_gain_error_0P9860\\test_err_hist_sine_phase\\phase_code_python.csv]\n  [save_variable] -> [D:\\ADCToolbox\\test_output\\sinewave_gain_error_0P9860\\test_err_hist_sine_phase\\emean_python.csv]\n  [save_variable] -> [D:\\ADCToolbox\\test_output\\sinewave_gain_error_0P9860\\test_err_hist_sine_phase\\erms_python.csv]\n  [save_fig] -> [D:\\ADCToolbox\\test_output\\sinewave_gain_error_0P9860\\test_err_hist_sine_phase\\errHistSine_phase_python.png]\n[3/6] Processing [sinewave_jitter_400fs.csv]\n  [save_variable] -> [D:\\ADCToolbox\\test_output\\sinewave_jitter_400fs\\test_err_hist_sine_phase\\anoi_python.csv]\n  [save_variable] -> [D:\\ADCToolbox\\test_output\\sinewave_jitter_400fs\\test_err_hist_sine_phase\\pnoi_python.csv]\n  [save_variable] -> [D:\\ADCToolbox\\test_output\\sinewave_jitter_400fs\\test_err_hist_sine_phase\\phase_code_python.csv]\n  [save_variable] -> [D:\\ADCToolbox\\test_output\\sinewave_jitter_400fs\\test_err_hist_sine_phase\\emean_python.csv]\n  [save_variable] -> [D:\\ADCToolbox\\test_output\\sinewave_jitter_400fs\\test_err_hist_sine_phase\\erms_python.csv]\n  [save_fig] -> [D:\\ADCToolbox\\test_output\\sinewave_jitter_400fs\\test_err_hist_sine_phase\\errHistSine_phase_python.png]\n[4/6] Processing [sinewave_kickback_0P014.csv]\n  [save_variable] -> [D:\\ADCToolbox\\test_output\\sinewave_kickback_0P014\\test_err_hist_sine_phase\\anoi_python.csv]\n  [save_variable] -> [D:\\ADCToolbox\\test_output\\sinewave_kickback_0P014\\test_err_hist_sine_phase\\pnoi_python.csv]\n  [save_variable] -> [D:\\ADCToolbox\\test_output\\sinewave_kickback_0P014\\test_err_hist_sine_phase\\phase_code_python.csv]\n  [save_variable] -> [D:\\ADCToolbox\\test_output\\sinewave_kickback_0P014\\test_err_hist_sine_phase\\emean_python.csv]\n  [save_variable] -> [D:\\ADCToolbox\\test_output\\sinewave_kickback_0P014\\test_err_hist_sine_phase\\erms_python.csv]\n  [save_fig] -> [D:\\ADCToolbox\\test_output\\sinewave_kickback_0P014\\test_err_hist_sine_phase\\errHistSine_phase_python.png]\n[5/6] Processing [sinewave_kickback_0P050.csv]\n  [save_variable] -> [D:\\ADCToolbox\\test_output\\sinewave_kickback_0P050\\test_err_hist_sine_phase\\anoi_python.csv]\n  [save_variable] -> [D:\\ADCToolbox\\test_output\\sinewave_kickback_0P050\\test_err_hist_sine_phase\\pnoi_python.csv]\n  [save_variable] -> [D:\\ADCToolbox\\test_output\\sinewave_kickback_0P050\\test_err_hist_sine_phase\\phase_code_python.csv]\n  [save_variable] -> [D:\\ADCToolbox\\test_output\\sinewave_kickback_0P050\\test_err_hist_sine_phase\\emean_python.csv]\n  [save_variable] -> [D:\\ADCToolbox\\test_output\\sinewave_kickback_0P050\\test_err_hist_sine_phase\\erms_python.csv]\n  [save_fig] -> [D:\\ADCToolbox\\test_output\\sinewave_kickback_0P050\\test_err_hist_sine_phase\\errHistSine_phase_python.png]\n[6/6] Processing [sinewave_noise_270uV.csv]\n  [save_variable] -> [D:\\ADCToolbox\\test_output\\sinewave_noise_270uV\\test_err_hist_sine_phase\\anoi_python.csv]\n  [save_variable] -> [D:\\ADCToolbox\\test_output\\sinewave_noise_270uV\\test_err_hist_sine_phase\\pnoi_python.csv]\n  [save_variable] -> [D:\\ADCToolbox\\test_output\\sinewave_noise_270uV\\test_err_hist_sine_phase\\phase_code_python.csv]\n  [save_variable] -> [D:\\ADCToolbox\\test_output\\sinewave_noise_270uV\\test_err_hist_sine_phase\\emean_python.csv]\n  [save_variable] -> [D:\\ADCToolbox\\test_output\\sinewave_noise_270uV\\test_err_hist_sine_phase\\erms_python.csv]\n  [save_fig] -> [D:\\ADCToolbox\\test_output\\sinewave_noise_270uV\\test_err_hist_sine_phase\\errHistSine_phase_python.png]\n------------------------------------------------------------\n[test_err_hist_sine_phase] Done [6/6]\nPASSED\n\n============================= 1 passed in 17.99s ==============================\n\nRunning: tests/unit/test_tom_decomp.py\n============================= test session starts =============================\nplatform win32 -- Python 3.11.9, pytest-9.0.1, pluggy-1.6.0 -- C:\\Users\\zzs_a\\AppData\\Local\\Programs\\Python\\Python311\\python.exe\ncachedir: .pytest_cache\nrootdir: D:\\ADCToolbox\\python\nconfigfile: pyproject.toml\ncollecting ... collected 1 item\n\npython\\tests\\unit\\test_tom_decomp.py::test_tom_decomp [auto_search_files] [6] files in [D:\\ADCToolbox\\dataset\\aout\\sinewave] matching [sinewave_*.csv]\n[1/6] Processing [sinewave_INL_k2_0P0025_k3_0P0050.csv]\n  [save_fig] -> [D:\\ADCToolbox\\test_output\\sinewave_INL_k2_0P0025_k3_0P0050\\test_tomDecomp\\tomDecomp_python.png]\n  [save_variable] -> [D:\\ADCToolbox\\test_output\\sinewave_INL_k2_0P0025_k3_0P0050\\test_tomDecomp\\signal_python.csv]\n  [save_variable] -> [D:\\ADCToolbox\\test_output\\sinewave_INL_k2_0P0025_k3_0P0050\\test_tomDecomp\\error_python.csv]\n  [save_variable] -> [D:\\ADCToolbox\\test_output\\sinewave_INL_k2_0P0025_k3_0P0050\\test_tomDecomp\\indep_python.csv]\n  [save_variable] -> [D:\\ADCToolbox\\test_output\\sinewave_INL_k2_0P0025_k3_0P0050\\test_tomDecomp\\dep_python.csv]\n  [save_variable] -> [D:\\ADCToolbox\\test_output\\sinewave_INL_k2_0P0025_k3_0P0050\\test_tomDecomp\\phi_python.csv]\n  [save_variable] -> [D:\\ADCToolbox\\test_output\\sinewave_INL_k2_0P0025_k3_0P0050\\test_tomDecomp\\rms_error_python.csv]\n  [save_variable] -> [D:\\ADCToolbox\\test_output\\sinewave_INL_k2_0P0025_k3_0P0050\\test_tomDecomp\\rms_indep_python.csv]\n  [save_variable] -> [D:\\ADCToolbox\\test_output\\sinewave_INL_k2_0P0025_k3_0P0050\\test_tomDecomp\\rms_dep_python.csv]\n[2/6] Processing [sinewave_gain_error_0P9860.csv]\n  [save_fig] -> [D:\\ADCToolbox\\test_output\\sinewave_gain_error_0P9860\\test_tomDecomp\\tomDecomp_python.png]\n  [save_variable] -> [D:\\ADCToolbox\\test_output\\sinewave_gain_error_0P9860\\test_tomDecomp\\signal_python.csv]\n  [save_variable] -> [D:\\ADCToolbox\\test_output\\sinewave_gain_error_0P9860\\test_tomDecomp\\error_python.csv]\n  [save_variable] -> [D:\\ADCToolbox\\test_output\\sinewave_gain_error_0P9860\\test_tomDecomp\\indep_python.csv]\n  [save_variable] -> [D:\\ADCToolbox\\test_output\\sinewave_gain_error_0P9860\\test_tomDecomp\\dep_python.csv]\n  [save_variable] -> [D:\\ADCToolbox\\test_output\\sinewave_gain_error_0P9860\\test_tomDecomp\\phi_python.csv]\n  [save_variable] -> [D:\\ADCToolbox\\test_output\\sinewave_gain_error_0P9860\\test_tomDecomp\\rms_error_python.csv]\n  [save_variable] -> [D:\\ADCToolbox\\test_output\\sinewave_gain_error_0P9860\\test_tomDecomp\\rms_indep_python.csv]\n  [save_variable] -> [D:\\ADCToolbox\\test_output\\sinewave_gain_error_0P9860\\test_tomDecomp\\rms_dep_python.csv]\n[3/6] Processing [sinewave_jitter_400fs.csv]\n  [save_fig] -> [D:\\ADCToolbox\\test_output\\sinewave_jitter_400fs\\test_tomDecomp\\tomDecomp_python.png]\n  [save_variable] -> [D:\\ADCToolbox\\test_output\\sinewave_jitter_400fs\\test_tomDecomp\\signal_python.csv]\n  [save_variable] -> [D:\\ADCToolbox\\test_output\\sinewave_jitter_400fs\\test_tomDecomp\\error_python.csv]\n  [save_variable] -> [D:\\ADCToolbox\\test_output\\sinewave_jitter_400fs\\test_tomDecomp\\indep_python.csv]\n  [save_variable] -> [D:\\ADCToolbox\\test_output\\sinewave_jitter_400fs\\test_tomDecomp\\dep_python.csv]\n  [save_variable] -> [D:\\ADCToolbox\\test_output\\sinewave_jitter_400fs\\test_tomDecomp\\phi_python.csv]\n  [save_variable] -> [D:\\ADCToolbox\\test_output\\sinewave_jitter_400fs\\test_tomDecomp\\rms_error_python.csv]\n  [save_variable] -> [D:\\ADCToolbox\\test_output\\sinewave_jitter_400fs\\test_tomDecomp\\rms_indep_python.csv]\n  [save_variable] -> [D:\\ADCToolbox\\test_output\\sinewave_jitter_400fs\\test_tomDecomp\\rms_dep_python.csv]\n[4/6] Processing [sinewave_kickback_0P014.csv]\n  [save_fig] -> [D:\\ADCToolbox\\test_output\\sinewave_kickback_0P014\\test_tomDecomp\\tomDecomp_python.png]\n  [save_variable] -> [D:\\ADCToolbox\\test_output\\sinewave_kickback_0P014\\test_tomDecomp\\signal_python.csv]\n  [save_variable] -> [D:\\ADCToolbox\\test_output\\sinewave_kickback_0P014\\test_tomDecomp\\error_python.csv]\n  [save_variable] -> [D:\\ADCToolbox\\test_output\\sinewave_kickback_0P014\\test_tomDecomp\\indep_python.csv]\n  [save_variable] -> [D:\\ADCToolbox\\test_output\\sinewave_kickback_0P014\\test_tomDecomp\\dep_python.csv]\n  [save_variable] -> [D:\\ADCToolbox\\test_output\\sinewave_kickback_0P014\\test_tomDecomp\\phi_python.csv]\n  [save_variable] -> [D:\\ADCToolbox\\test_output\\sinewave_kickback_0P014\\test_tomDecomp\\rms_error_python.csv]\n  [save_variable] -> [D:\\ADCToolbox\\test_output\\sinewave_kickback_0P014\\test_tomDecomp\\rms_indep_python.csv]\n  [save_variable] -> [D:\\ADCToolbox\\test_output\\sinewave_kickback_0P014\\test_tomDecomp\\rms_dep_python.csv]\n[5/6] Processing [sinewave_kickback_0P050.csv]\n  [save_fig] -> [D:\\ADCToolbox\\test_output\\sinewave_kickback_0P050\\test_tomDecomp\\tomDecomp_python.png]\n  [save_variable] -> [D:\\ADCToolbox\\test_output\\sinewave_kickback_0P050\\test_tomDecomp\\signal_python.csv]\n  [save_variable] -> [D:\\ADCToolbox\\test_output\\sinewave_kickback_0P050\\test_tomDecomp\\error_python.csv]\n  [save_variable] -> [D:\\ADCToolbox\\test_output\\sinewave_kickback_0P050\\test_tomDecomp\\indep_python.csv]\n  [save_variable] -> [D:\\ADCToolbox\\test_output\\sinewave_kickback_0P050\\test_tomDecomp\\dep_python.csv]\n  [save_variable] -> [D:\\ADCToolbox\\test_output\\sinewave_kickback_0P050\\test_tomDecomp\\phi_python.csv]\n  [save_variable] -> [D:\\ADCToolbox\\test_output\\sinewave_kickback_0P050\\test_tomDecomp\\rms_error_python.csv]\n  [save_variable] -> [D:\\ADCToolbox\\test_output\\sinewave_kickback_0P050\\test_tomDecomp\\rms_indep_python.csv]\n  [save_variable] -> [D:\\ADCToolbox\\test_output\\sinewave_kickback_0P050\\test_tomDecomp\\rms_dep_python.csv]\n[6/6] Processing [sinewave_noise_270uV.csv]\n  [save_fig] -> [D:\\ADCToolbox\\test_output\\sinewave_noise_270uV\\test_tomDecomp\\tomDecomp_python.png]\n  [save_variable] -> [D:\\ADCToolbox\\test_output\\sinewave_noise_270uV\\test_tomDecomp\\signal_python.csv]\n  [save_variable] -> [D:\\ADCToolbox\\test_output\\sinewave_noise_270uV\\test_tomDecomp\\error_python.csv]\n  [save_variable] -> [D:\\ADCToolbox\\test_output\\sinewave_noise_270uV\\test_tomDecomp\\indep_python.csv]\n  [save_variable] -> [D:\\ADCToolbox\\test_output\\sinewave_noise_270uV\\test_tomDecomp\\dep_python.csv]\n  [save_variable] -> [D:\\ADCToolbox\\test_output\\sinewave_noise_270uV\\test_tomDecomp\\phi_python.csv]\n  [save_variable] -> [D:\\ADCToolbox\\test_output\\sinewave_noise_270uV\\test_tomDecomp\\rms_error_python.csv]\n  [save_variable] -> [D:\\ADCToolbox\\test_output\\sinewave_noise_270uV\\test_tomDecomp\\rms_indep_python.csv]\n  [save_variable] -> [D:\\ADCToolbox\\test_output\\sinewave_noise_270uV\\test_tomDecomp\\rms_dep_python.csv]\n------------------------------------------------------------\n[test_tomDecomp] Done [6/6]\nPASSED\n\n============================== 1 passed in 9.94s ==============================\n\nRunning: tests/unit/test_err_pdf.py\n============================= test session starts =============================\nplatform win32 -- Python 3.11.9, pytest-9.0.1, pluggy-1.6.0 -- C:\\Users\\zzs_a\\AppData\\Local\\Programs\\Python\\Python311\\python.exe\ncachedir: .pytest_cache\nrootdir: D:\\ADCToolbox\\python\nconfigfile: pyproject.toml\ncollecting ... collected 1 item\n\npython\\tests\\unit\\test_err_pdf.py::test_err_pdf [auto_search_files] [6] files in [D:\\ADCToolbox\\dataset\\aout\\sinewave] matching [sinewave_*.csv]\n[1/6] Processing [sinewave_INL_k2_0P0025_k3_0P0050.csv]\n  [save_fig] -> [D:\\ADCToolbox\\test_output\\sinewave_INL_k2_0P0025_k3_0P0050\\test_errPDF\\errPDF_python.png]\n  [save_variable] -> [D:\\ADCToolbox\\test_output\\sinewave_INL_k2_0P0025_k3_0P0050\\test_errPDF\\mu_python.csv]\n  [save_variable] -> [D:\\ADCToolbox\\test_output\\sinewave_INL_k2_0P0025_k3_0P0050\\test_errPDF\\sigma_python.csv]\n  [save_variable] -> [D:\\ADCToolbox\\test_output\\sinewave_INL_k2_0P0025_k3_0P0050\\test_errPDF\\KL_divergence_python.csv]\n  [save_variable] -> [D:\\ADCToolbox\\test_output\\sinewave_INL_k2_0P0025_k3_0P0050\\test_errPDF\\x_python.csv]\n  [save_variable] -> [D:\\ADCToolbox\\test_output\\sinewave_INL_k2_0P0025_k3_0P0050\\test_errPDF\\fx_python.csv]\n  [save_variable] -> [D:\\ADCToolbox\\test_output\\sinewave_INL_k2_0P0025_k3_0P0050\\test_errPDF\\gauss_pdf_python.csv]\n[2/6] Processing [sinewave_gain_error_0P9860.csv]\n  [save_fig] -> [D:\\ADCToolbox\\test_output\\sinewave_gain_error_0P9860\\test_errPDF\\errPDF_python.png]\n  [save_variable] -> [D:\\ADCToolbox\\test_output\\sinewave_gain_error_0P9860\\test_errPDF\\mu_python.csv]\n  [save_variable] -> [D:\\ADCToolbox\\test_output\\sinewave_gain_error_0P9860\\test_errPDF\\sigma_python.csv]\n  [save_variable] -> [D:\\ADCToolbox\\test_output\\sinewave_gain_error_0P9860\\test_errPDF\\KL_divergence_python.csv]\n  [save_variable] -> [D:\\ADCToolbox\\test_output\\sinewave_gain_error_0P9860\\test_errPDF\\x_python.csv]\n  [save_variable] -> [D:\\ADCToolbox\\test_output\\sinewave_gain_error_0P9860\\test_errPDF\\fx_python.csv]\n  [save_variable] -> [D:\\ADCToolbox\\test_output\\sinewave_gain_error_0P9860\\test_errPDF\\gauss_pdf_python.csv]\n[3/6] Processing [sinewave_jitter_400fs.csv]\n  [save_fig] -> [D:\\ADCToolbox\\test_output\\sinewave_jitter_400fs\\test_errPDF\\errPDF_python.png]\n  [save_variable] -> [D:\\ADCToolbox\\test_output\\sinewave_jitter_400fs\\test_errPDF\\mu_python.csv]\n  [save_variable] -> [D:\\ADCToolbox\\test_output\\sinewave_jitter_400fs\\test_errPDF\\sigma_python.csv]\n  [save_variable] -> [D:\\ADCToolbox\\test_output\\sinewave_jitter_400fs\\test_errPDF\\KL_divergence_python.csv]\n  [save_variable] -> [D:\\ADCToolbox\\test_output\\sinewave_jitter_400fs\\test_errPDF\\x_python.csv]\n  [save_variable] -> [D:\\ADCToolbox\\test_output\\sinewave_jitter_400fs\\test_errPDF\\fx_python.csv]\n  [save_variable] -> [D:\\ADCToolbox\\test_output\\sinewave_jitter_400fs\\test_errPDF\\gauss_pdf_python.csv]\n[4/6] Processing [sinewave_kickback_0P014.csv]\n  [save_fig] -> [D:\\ADCToolbox\\test_output\\sinewave_kickback_0P014\\test_errPDF\\errPDF_python.png]\n  [save_variable] -> [D:\\ADCToolbox\\test_output\\sinewave_kickback_0P014\\test_errPDF\\mu_python.csv]\n  [save_variable] -> [D:\\ADCToolbox\\test_output\\sinewave_kickback_0P014\\test_errPDF\\sigma_python.csv]\n  [save_variable] -> [D:\\ADCToolbox\\test_output\\sinewave_kickback_0P014\\test_errPDF\\KL_divergence_python.csv]\n  [save_variable] -> [D:\\ADCToolbox\\test_output\\sinewave_kickback_0P014\\test_errPDF\\x_python.csv]\n  [save_variable] -> [D:\\ADCToolbox\\test_output\\sinewave_kickback_0P014\\test_errPDF\\fx_python.csv]\n  [save_variable] -> [D:\\ADCToolbox\\test_output\\sinewave_kickback_0P014\\test_errPDF\\gauss_pdf_python.csv]\n[5/6] Processing [sinewave_kickback_0P050.csv]\n  [save_fig] -> [D:\\ADCToolbox\\test_output\\sinewave_kickback_0P050\\test_errPDF\\errPDF_python.png]\n  [save_variable] -> [D:\\ADCToolbox\\test_output\\sinewave_kickback_0P050\\test_errPDF\\mu_python.csv]\n  [save_variable] -> [D:\\ADCToolbox\\test_output\\sinewave_kickback_0P050\\test_errPDF\\sigma_python.csv]\n  [save_variable] -> [D:\\ADCToolbox\\test_output\\sinewave_kickback_0P050\\test_errPDF\\KL_divergence_python.csv]\n  [save_variable] -> [D:\\ADCToolbox\\test_output\\sinewave_kickback_0P050\\test_errPDF\\x_python.csv]\n  [save_variable] -> [D:\\ADCToolbox\\test_output\\sinewave_kickback_0P050\\test_errPDF\\fx_python.csv]\n  [save_variable] -> [D:\\ADCToolbox\\test_output\\sinewave_kickback_0P050\\test_errPDF\\gauss_pdf_python.csv]\n[6/6] Processing [sinewave_noise_270uV.csv]\n  [save_fig] -> [D:\\ADCToolbox\\test_output\\sinewave_noise_270uV\\test_errPDF\\errPDF_python.png]\n  [save_variable] -> [D:\\ADCToolbox\\test_output\\sinewave_noise_270uV\\test_errPDF\\mu_python.csv]\n  [save_variable] -> [D:\\ADCToolbox\\test_output\\sinewave_noise_270uV\\test_errPDF\\sigma_python.csv]\n  [save_variable] -> [D:\\ADCToolbox\\test_output\\sinewave_noise_270uV\\test_errPDF\\KL_divergence_python.csv]\n  [save_variable] -> [D:\\ADCToolbox\\test_output\\sinewave_noise_270uV\\test_errPDF\\x_python.csv]\n  [save_variable] -> [D:\\ADCToolbox\\test_output\\sinewave_noise_270uV\\test_errPDF\\fx_python.csv]\n  [save_variable] -> [D:\\ADCToolbox\\test_output\\sinewave_noise_270uV\\test_errPDF\\gauss_pdf_python.csv]\n------------------------------------------------------------\n[test_errPDF] Done [6/6]\nPASSED\n\n============================== 1 passed in 3.62s ==============================\n\nRunning: tests/unit/test_err_auto_correlation.py\n============================= test session starts =============================\nplatform win32 -- Python 3.11.9, pytest-9.0.1, pluggy-1.6.0 -- C:\\Users\\zzs_a\\AppData\\Local\\Programs\\Python\\Python311\\python.exe\ncachedir: .pytest_cache\nrootdir: D:\\ADCToolbox\\python\nconfigfile: pyproject.toml\ncollecting ... collected 1 item\n\npython\\tests\\unit\\test_err_auto_correlation.py::test_err_auto_correlation [auto_search_files] [6] files in [D:\\ADCToolbox\\dataset\\aout\\sinewave] matching [sinewave_*.csv]\n[1/6] Processing [sinewave_INL_k2_0P0025_k3_0P0050.csv]\n  [save_fig] -> [D:\\ADCToolbox\\test_output\\sinewave_INL_k2_0P0025_k3_0P0050\\test_errAutoCorrelation\\errACF_python.png]\n  [save_variable] -> [D:\\ADCToolbox\\test_output\\sinewave_INL_k2_0P0025_k3_0P0050\\test_errAutoCorrelation\\lags_python.csv]\n  [save_variable] -> [D:\\ADCToolbox\\test_output\\sinewave_INL_k2_0P0025_k3_0P0050\\test_errAutoCorrelation\\acf_python.csv]\n[2/6] Processing [sinewave_gain_error_0P9860.csv]\n  [save_fig] -> [D:\\ADCToolbox\\test_output\\sinewave_gain_error_0P9860\\test_errAutoCorrelation\\errACF_python.png]\n  [save_variable] -> [D:\\ADCToolbox\\test_output\\sinewave_gain_error_0P9860\\test_errAutoCorrelation\\lags_python.csv]\n  [save_variable] -> [D:\\ADCToolbox\\test_output\\sinewave_gain_error_0P9860\\test_errAutoCorrelation\\acf_python.csv]\n[3/6] Processing [sinewave_jitter_400fs.csv]\n  [save_fig] -> [D:\\ADCToolbox\\test_output\\sinewave_jitter_400fs\\test_errAutoCorrelation\\errACF_python.png]\n  [save_variable] -> [D:\\ADCToolbox\\test_output\\sinewave_jitter_400fs\\test_errAutoCorrelation\\lags_python.csv]\n  [save_variable] -> [D:\\ADCToolbox\\test_output\\sinewave_jitter_400fs\\test_errAutoCorrelation\\acf_python.csv]\n[4/6] Processing [sinewave_kickback_0P014.csv]\n  [save_fig] -> [D:\\ADCToolbox\\test_output\\sinewave_kickback_0P014\\test_errAutoCorrelation\\errACF_python.png]\n  [save_variable] -> [D:\\ADCToolbox\\test_output\\sinewave_kickback_0P014\\test_errAutoCorrelation\\lags_python.csv]\n  [save_variable] -> [D:\\ADCToolbox\\test_output\\sinewave_kickback_0P014\\test_errAutoCorrelation\\acf_python.csv]\n[5/6] Processing [sinewave_kickback_0P050.csv]\n  [save_fig] -> [D:\\ADCToolbox\\test_output\\sinewave_kickback_0P050\\test_errAutoCorrelation\\errACF_python.png]\n  [save_variable] -> [D:\\ADCToolbox\\test_output\\sinewave_kickback_0P050\\test_errAutoCorrelation\\lags_python.csv]\n  [save_variable] -> [D:\\ADCToolbox\\test_output\\sinewave_kickback_0P050\\test_errAutoCorrelation\\acf_python.csv]\n[6/6] Processing [sinewave_noise_270uV.csv]\n  [save_fig] -> [D:\\ADCToolbox\\test_output\\sinewave_noise_270uV\\test_errAutoCorrelation\\errACF_python.png]\n  [save_variable] -> [D:\\ADCToolbox\\test_output\\sinewave_noise_270uV\\test_errAutoCorrelation\\lags_python.csv]\n  [save_variable] -> [D:\\ADCToolbox\\test_output\\sinewave_noise_270uV\\test_errAutoCorrelation\\acf_python.csv]\n------------------------------------------------------------\n[test_errAutoCorrelation] Done [6/6]\nPASSED\n\n============================== 1 passed in 3.30s ==============================\n\nRunning: tests/unit/test_err_spectrum.py\n============================= test session starts =============================\nplatform win32 -- Python 3.11.9, pytest-9.0.1, pluggy-1.6.0 -- C:\\Users\\zzs_a\\AppData\\Local\\Programs\\Python\\Python311\\python.exe\ncachedir: .pytest_cache\nrootdir: D:\\ADCToolbox\\python\nconfigfile: pyproject.toml\ncollecting ... collected 1 item\n\npython\\tests\\unit\\test_err_spectrum.py::test_err_spectrum [auto_search_files] [6] files in [D:\\ADCToolbox\\dataset\\aout\\sinewave] matching [sinewave_*.csv]\n[1/6] Processing [sinewave_INL_k2_0P0025_k3_0P0050.csv]\n  [save_fig] -> [D:\\ADCToolbox\\test_output\\sinewave_INL_k2_0P0025_k3_0P0050\\test_errSpectrum\\errSpectrum_python.png]\n[2/6] Processing [sinewave_gain_error_0P9860.csv]\n  [save_fig] -> [D:\\ADCToolbox\\test_output\\sinewave_gain_error_0P9860\\test_errSpectrum\\errSpectrum_python.png]\n[3/6] Processing [sinewave_jitter_400fs.csv]\n  [save_fig] -> [D:\\ADCToolbox\\test_output\\sinewave_jitter_400fs\\test_errSpectrum\\errSpectrum_python.png]\n[4/6] Processing [sinewave_kickback_0P014.csv]\n  [save_fig] -> [D:\\ADCToolbox\\test_output\\sinewave_kickback_0P014\\test_errSpectrum\\errSpectrum_python.png]\n[5/6] Processing [sinewave_kickback_0P050.csv]\n  [save_fig] -> [D:\\ADCToolbox\\test_output\\sinewave_kickback_0P050\\test_errSpectrum\\errSpectrum_python.png]\n[6/6] Processing [sinewave_noise_270uV.csv]\n  [save_fig] -> [D:\\ADCToolbox\\test_output\\sinewave_noise_270uV\\test_errSpectrum\\errSpectrum_python.png]\n------------------------------------------------------------\n[test_errSpectrum] Done [6/6]\nPASSED\n\n============================== 1 passed in 4.07s ==============================\n\nRunning: tests/unit/test_err_envelope_spectrum.py\n============================= test session starts =============================\nplatform win32 -- Python 3.11.9, pytest-9.0.1, pluggy-1.6.0 -- C:\\Users\\zzs_a\\AppData\\Local\\Programs\\Python\\Python311\\python.exe\ncachedir: .pytest_cache\nrootdir: D:\\ADCToolbox\\python\nconfigfile: pyproject.toml\ncollecting ... collected 1 item\n\npython\\tests\\unit\\test_err_envelope_spectrum.py::test_err_envelope_spectrum [auto_search_files] [6] files in [D:\\ADCToolbox\\dataset\\aout\\sinewave] matching [sinewave_*.csv]\n[1/6] Processing [sinewave_INL_k2_0P0025_k3_0P0050.csv]\n  [save_fig] -> [D:\\ADCToolbox\\test_output\\sinewave_INL_k2_0P0025_k3_0P0050\\test_errEnvelopeSpectrum\\errEnvelopeSpectrum_python.png]\n[2/6] Processing [sinewave_gain_error_0P9860.csv]\n  [save_fig] -> [D:\\ADCToolbox\\test_output\\sinewave_gain_error_0P9860\\test_errEnvelopeSpectrum\\errEnvelopeSpectrum_python.png]\n[3/6] Processing [sinewave_jitter_400fs.csv]\n  [save_fig] -> [D:\\ADCToolbox\\test_output\\sinewave_jitter_400fs\\test_errEnvelopeSpectrum\\errEnvelopeSpectrum_python.png]\n[4/6] Processing [sinewave_kickback_0P014.csv]\n  [save_fig] -> [D:\\ADCToolbox\\test_output\\sinewave_kickback_0P014\\test_errEnvelopeSpectrum\\errEnvelopeSpectrum_python.png]\n[5/6] Processing [sinewave_kickback_0P050.csv]\n  [save_fig] -> [D:\\ADCToolbox\\test_output\\sinewave_kickback_0P050\\test_errEnvelopeSpectrum\\errEnvelopeSpectrum_python.png]\n[6/6] Processing [sinewave_noise_270uV.csv]\n  [save_fig] -> [D:\\ADCToolbox\\test_output\\sinewave_noise_270uV\\test_errEnvelopeSpectrum\\errEnvelopeSpectrum_python.png]\n------------------------------------------------------------\n[test_errEnvelopeSpectrum] Done [6/6]\nPASSED\n\n============================== 1 passed in 3.78s ==============================\n\nRunning: tests/unit/test_inl_sine.py\n============================= test session starts =============================\nplatform win32 -- Python 3.11.9, pytest-9.0.1, pluggy-1.6.0 -- C:\\Users\\zzs_a\\AppData\\Local\\Programs\\Python\\Python311\\python.exe\ncachedir: .pytest_cache\nrootdir: D:\\ADCToolbox\\python\nconfigfile: pyproject.toml\ncollecting ... collected 1 item\n\npython\\tests\\unit\\test_inl_sine.py::test_inl_sine [auto_search_files] [6] files in [D:\\ADCToolbox\\dataset\\aout\\sinewave] matching [sinewave_*.csv]\n[1/6] Processing [sinewave_INL_k2_0P0025_k3_0P0050.csv]\n  [save_fig] -> [D:\\ADCToolbox\\test_output\\sinewave_INL_k2_0P0025_k3_0P0050\\test_inl_sine\\INL_12b_sinewave_INL_k2_0P0025_k3_0P0050_python.png]\n[2/6] Processing [sinewave_gain_error_0P9860.csv]\n  [save_fig] -> [D:\\ADCToolbox\\test_output\\sinewave_gain_error_0P9860\\test_inl_sine\\INL_12b_sinewave_gain_error_0P9860_python.png]\n[3/6] Processing [sinewave_jitter_400fs.csv]\n  [save_fig] -> [D:\\ADCToolbox\\test_output\\sinewave_jitter_400fs\\test_inl_sine\\INL_12b_sinewave_jitter_400fs_python.png]\n[4/6] Processing [sinewave_kickback_0P014.csv]\n  [save_fig] -> [D:\\ADCToolbox\\test_output\\sinewave_kickback_0P014\\test_inl_sine\\INL_12b_sinewave_kickback_0P014_python.png]\n[5/6] Processing [sinewave_kickback_0P050.csv]\n  [save_fig] -> [D:\\ADCToolbox\\test_output\\sinewave_kickback_0P050\\test_inl_sine\\INL_12b_sinewave_kickback_0P050_python.png]\n[6/6] Processing [sinewave_noise_270uV.csv]\n  [save_fig] -> [D:\\ADCToolbox\\test_output\\sinewave_noise_270uV\\test_inl_sine\\INL_12b_sinewave_noise_270uV_python.png]\n------------------------------------------------------------\n[test_inl_sine] Done [6/6]\nPASSED\n\n============================== 1 passed in 5.91s ==============================\n\n[STEP 2/2] Running comparison tests...\n----------------------------------------------------------------------\n\nRunning: tests/compare/test_compare_spec_plot.py\n============================= test session starts =============================\nplatform win32 -- Python 3.11.9, pytest-9.0.1, pluggy-1.6.0 -- C:\\Users\\zzs_a\\AppData\\Local\\Programs\\Python\\Python311\\python.exe\ncachedir: .pytest_cache\nrootdir: D:\\ADCToolbox\\python\nconfigfile: pyproject.toml\ncollecting ... collected 1 item\n\npython\\tests\\compare\\test_compare_spec_plot.py::test_compare_spec_plot [Mode: NESTED]\n[discover_test_datasets] Found [4] dataset(s) with [test_specPlot] subfolder\n\n[D:\\ADCToolbox\\test_output\\sinewave_HD2_n70dB_HD3_n65dB\\test_spec_plot] <-> [D:\\ADCToolbox\\test_reference\\sinewave_HD2_n70dB_HD3_n65dB\\test_specPlot]\n  -> [SKIP] Python directory not found (dataset not processed)\n\n[D:\\ADCToolbox\\test_output\\sinewave_INL_k2_0P0010_k3_0P0100\\test_spec_plot] <-> [D:\\ADCToolbox\\test_reference\\sinewave_INL_k2_0P0010_k3_0P0100\\test_specPlot]\n  -> [SKIP] Python directory not found (dataset not processed)\n\n[D:\\ADCToolbox\\test_output\\sinewave_jitter_400fs\\test_spec_plot] <-> [D:\\ADCToolbox\\test_reference\\sinewave_jitter_400fs\\test_specPlot]\n  [ENoB    ]: [Diff: 3.20e-14] -> [PERFECT ]\n  [NF      ]: [Diff: 2.63e-12] -> [PERFECT ]\n  [pwr     ]: [Diff: 1.89e-15] -> [PERFECT ]\n  [SFDR    ]: [Diff: 1.14e-13] -> [PERFECT ]\n  [SNDR    ]: [Diff: 7.82e-14] -> [PERFECT ]\n  [SNR     ]: [Diff: 2.69e-12] -> [PERFECT ]\n  [THD     ]: [Diff: 1.28e-13] -> [PERFECT ]\n\n[D:\\ADCToolbox\\test_output\\sinewave_noise_270uV\\test_spec_plot] <-> [D:\\ADCToolbox\\test_reference\\sinewave_noise_270uV\\test_specPlot]\n  [ENoB    ]: [Diff: 1.60e-14] -> [PERFECT ]\n  [NF      ]: [Diff: 8.38e-13] -> [PERFECT ]\n  [pwr     ]: [Diff: 4.41e-16] -> [PERFECT ]\n  [SFDR    ]: [Diff: 3.84e-13] -> [PERFECT ]\n  [SNDR    ]: [Diff: 5.68e-14] -> [PERFECT ]\n  [SNR     ]: [Diff: 8.24e-13] -> [PERFECT ]\n  [THD     ]: [Diff: 5.68e-13] -> [PERFECT ]\n------------------------------------------------------------\n[SUMMARY] Verified 14 files.\nPASSED\n\n============================== 1 passed in 0.03s ==============================\n\nRunning: tests/compare/test_compare_spec_plot_phase.py\n============================= test session starts =============================\nplatform win32 -- Python 3.11.9, pytest-9.0.1, pluggy-1.6.0 -- C:\\Users\\zzs_a\\AppData\\Local\\Programs\\Python\\Python311\\python.exe\ncachedir: .pytest_cache\nrootdir: D:\\ADCToolbox\\python\nconfigfile: pyproject.toml\ncollecting ... collected 1 item\n\npython\\tests\\compare\\test_compare_spec_plot_phase.py::test_compare_spec_plot_phase [Mode: NESTED]\n[discover_test_datasets] Found [2] dataset(s) with [test_specPlotPhase] subfolder\n\n[D:\\ADCToolbox\\test_output\\sinewave_jitter_400fs\\test_spec_plot_phase] <-> [D:\\ADCToolbox\\test_reference\\sinewave_jitter_400fs\\test_specPlotPhase]\n  [freq_bin  ] -> [SKIP] No MATLAB reference\n  [phi_imag  ] -> [SKIP] No MATLAB reference\n  [phi_real  ] -> [SKIP] No MATLAB reference\n  [spec_imag ] -> [SKIP] No MATLAB reference\n  [spec_mag  ] -> [SKIP] No MATLAB reference\n  [spec_phase] -> [SKIP] No MATLAB reference\n  [spec_real ] -> [SKIP] No MATLAB reference\n\n[D:\\ADCToolbox\\test_output\\sinewave_noise_270uV\\test_spec_plot_phase] <-> [D:\\ADCToolbox\\test_reference\\sinewave_noise_270uV\\test_specPlotPhase]\n  [freq_bin  ] -> [SKIP] No MATLAB reference\n  [phi_imag  ] -> [SKIP] No MATLAB reference\n  [phi_real  ] -> [SKIP] No MATLAB reference\n  [spec_imag ] -> [SKIP] No MATLAB reference\n  [spec_mag  ] -> [SKIP] No MATLAB reference\n  [spec_phase] -> [SKIP] No MATLAB reference\n  [spec_real ] -> [SKIP] No MATLAB reference\n------------------------------------------------------------\n[SUMMARY] Verified 14 files.\nPASSED\n\n============================== 1 passed in 0.02s ==============================\n\nRunning: tests/compare/test_compare_err_hist_sine_code.py\n============================= test session starts =============================\nplatform win32 -- Python 3.11.9, pytest-9.0.1, pluggy-1.6.0 -- C:\\Users\\zzs_a\\AppData\\Local\\Programs\\Python\\Python311\\python.exe\ncachedir: .pytest_cache\nrootdir: D:\\ADCToolbox\\python\nconfigfile: pyproject.toml\ncollecting ... collected 1 item\n\npython\\tests\\compare\\test_compare_err_hist_sine_code.py::test_compare_err_hist_sine_code [Mode: NESTED]\n[discover_test_datasets] Found [4] dataset(s) with [test_errHistSine_code] subfolder\n\n[D:\\ADCToolbox\\test_output\\sinewave_HD2_n70dB_HD3_n65dB\\test_err_hist_sine_code] <-> [D:\\ADCToolbox\\test_reference\\sinewave_HD2_n70dB_HD3_n65dB\\test_errHistSine_code]\n  -> [SKIP] Python directory not found (dataset not processed)\n\n[D:\\ADCToolbox\\test_output\\sinewave_INL_k2_0P0010_k3_0P0100\\test_err_hist_sine_code] <-> [D:\\ADCToolbox\\test_reference\\sinewave_INL_k2_0P0010_k3_0P0100\\test_errHistSine_code]\n  -> [SKIP] Python directory not found (dataset not processed)\n\n[D:\\ADCToolbox\\test_output\\sinewave_jitter_400fs\\test_err_hist_sine_code] <-> [D:\\ADCToolbox\\test_reference\\sinewave_jitter_400fs\\test_errHistSine_code]\n  [code_axis ]: [Diff: 5.00e-16] -> [PERFECT ]\n  [emean_code]: [Diff: 1.56e-15] -> [PERFECT ]\n  [erms_code ]: [Diff: 5.51e-16] -> [PERFECT ]\n  [k1        ]: [Diff: 3.55e-15] -> [PERFECT ]\n  [k2        ]: [Diff: 5.02e-17] -> [PERFECT ]\n  [k3        ]: [Diff: 3.60e-15] -> [PERFECT ]\n\n[D:\\ADCToolbox\\test_output\\sinewave_noise_270uV\\test_err_hist_sine_code] <-> [D:\\ADCToolbox\\test_reference\\sinewave_noise_270uV\\test_errHistSine_code]\n  [code_axis ]: [Diff: 5.00e-16] -> [PERFECT ]\n  [emean_code]: [Diff: 5.86e-16] -> [PERFECT ]\n  [erms_code ]: [Diff: 3.34e-16] -> [PERFECT ]\n  [k1        ]: [Diff: 2.44e-15] -> [PERFECT ]\n  [k2        ]: [Diff: 5.03e-16] -> [PERFECT ]\n  [k3        ]: [Diff: 3.80e-16] -> [PERFECT ]\n------------------------------------------------------------\n[SUMMARY] Verified 12 files.\nPASSED\n\n============================== 1 passed in 0.03s ==============================\n\nRunning: tests/compare/test_compare_err_hist_sine_phase.py\n============================= test session starts =============================\nplatform win32 -- Python 3.11.9, pytest-9.0.1, pluggy-1.6.0 -- C:\\Users\\zzs_a\\AppData\\Local\\Programs\\Python\\Python311\\python.exe\ncachedir: .pytest_cache\nrootdir: D:\\ADCToolbox\\python\nconfigfile: pyproject.toml\ncollecting ... collected 1 item\n\npython\\tests\\compare\\test_compare_err_hist_sine_phase.py::test_compare_err_hist_sine_phase [Mode: NESTED]\n[discover_test_datasets] Found [4] dataset(s) with [test_errHistSine_phase] subfolder\n\n[D:\\ADCToolbox\\test_output\\sinewave_HD2_n70dB_HD3_n65dB\\test_err_hist_sine_phase] <-> [D:\\ADCToolbox\\test_reference\\sinewave_HD2_n70dB_HD3_n65dB\\test_errHistSine_phase]\n  -> [SKIP] Python directory not found (dataset not processed)\n\n[D:\\ADCToolbox\\test_output\\sinewave_INL_k2_0P0010_k3_0P0100\\test_err_hist_sine_phase] <-> [D:\\ADCToolbox\\test_reference\\sinewave_INL_k2_0P0010_k3_0P0100\\test_errHistSine_phase]\n  -> [SKIP] Python directory not found (dataset not processed)\n\n[D:\\ADCToolbox\\test_output\\sinewave_jitter_400fs\\test_err_hist_sine_phase] <-> [D:\\ADCToolbox\\test_reference\\sinewave_jitter_400fs\\test_errHistSine_phase]\n  [anoi      ]: [Diff: 0.00e+00] -> [PERFECT ]\n  [emean     ]: [Diff: 7.84e-16] -> [PERFECT ]\n  [erms      ]: [Diff: 2.46e-16] -> [PERFECT ]\n  [phase_code]: [Diff: 1.42e-14] -> [PERFECT ]\n  [pnoi      ]: [Diff: 3.10e-17] -> [PERFECT ]\n\n[D:\\ADCToolbox\\test_output\\sinewave_noise_270uV\\test_err_hist_sine_phase] <-> [D:\\ADCToolbox\\test_reference\\sinewave_noise_270uV\\test_errHistSine_phase]\n  [anoi      ]: [Diff: 1.56e-04] -> [FAIL    ] <--- FAIL\n  [emean     ]: [Diff: 1.21e-15] -> [PERFECT ]\n  [erms      ]: [Diff: 7.15e-16] -> [PERFECT ]\n  [phase_code]: [Diff: 1.42e-14] -> [PERFECT ]\n  [pnoi      ]: [Diff: 2.73e-04] -> [FAIL    ] <--- FAIL\n------------------------------------------------------------\n[SUMMARY] Verified 10 files.\n\n[FAILURES DETAILS]\n  x sinewave_noise_270uV/anoi: FAIL (Diff: 1.56e-04)\n  x sinewave_noise_270uV/pnoi: FAIL (Diff: 2.73e-04)\nFAILED\n\n================================== FAILURES ===================================\n______________________ test_compare_err_hist_sine_phase _______________________\n\nproject_root = WindowsPath('D:/ADCToolbox')\n\n    def test_compare_err_hist_sine_phase(project_root):\n    \n>       run_comparison_suite(project_root, matlab_test_name="test_errHistSine_phase",\n                             ref_folder="test_reference", out_folder="test_output", structure="nested")\n\npython\\tests\\compare\\test_compare_err_hist_sine_phase.py:6: \n_ _ _ _ _ _ _ _ _ _ _ _ _ _ _ _ _ _ _ _ _ _ _ _ _ _ _ _ _ _ _ _ _ _ _ _ _ _ _ _\n\nproject_root = WindowsPath('D:/ADCToolbox')\nmatlab_test_name = 'test_errHistSine_phase', ref_folder = 'test_reference'\nout_folder = 'test_output', structure = 'nested'\n\n    def run_comparison_suite(project_root, matlab_test_name,\n                             ref_folder="test_reference",\n                             out_folder="test_output",\n                             structure="nested"):\n        """\n        Generic runner for comparing MATLAB vs Python test results.\n    \n        Args:\n            structure (str):\n                - "nested": root / dataset / test_name (Default, e.g. sineFit)\n                - "flat":   root / test_name (Simple, e.g. test_basic)\n        """\n        # 1. Setup\n        ref_root = project_root / ref_folder  # Reference Data Root\n        gen_root = project_root / out_folder  # Generated Data Root\n        python_test_name = get_python_folder(matlab_test_name)\n    \n        print(f"[Mode: {structure.upper()}]")\n    \n        # -------------------------------------------------------\n        # 2. Logic Branching: Determine Datasets & Paths\n        # -------------------------------------------------------\n        comparison_targets = []  # List of (display_name, mat_dir, py_dir)\n    \n        if structure == "nested":\n            # Scenario: root / dataset / test_name\n            datasets = discover_test_datasets(ref_root, subfolder=matlab_test_name)\n            if not datasets:\n                print(\n                    f"[WARNING] No datasets found in {ref_root} containing '{matlab_test_name}'")\n                return\n    \n            for ds in datasets:\n                mat_dir = ref_root / ds / matlab_test_name\n                py_dir = gen_root / ds / python_test_name\n                comparison_targets.append((ds, mat_dir, py_dir))\n    \n        elif structure == "flat":\n            # Scenario: root / test_name (No dataset layer)\n            # We treat the test name itself as the "dataset" for display purposes\n            mat_dir = ref_root / matlab_test_name\n            py_dir = gen_root / python_test_name\n    \n            # Check if the folder exists at all\n            if not mat_dir.exists():\n                print(f"[WARNING] Flat reference folder not found: {mat_dir}")\n                return\n    \n            comparison_targets.append(("Single", mat_dir, py_dir))\n    \n        else:\n            raise ValueError(f"Unknown structure mode: {structure}")\n    \n        # -------------------------------------------------------\n        # 3. Execution Loop (Common Logic)\n        # -------------------------------------------------------\n        comparator = CSVComparator()\n        failures = []\n        total_checks = 0\n    \n        for display_name, mat_dir, py_dir in comparison_targets:\n            print(f"\\n[{py_dir}] <-> [{mat_dir}]")\n    \n            # Check Directory (Python-Centric: skip if Python didn't generate it)\n            if not py_dir.exists():\n                print(f"  -> [SKIP] Python directory not found (dataset not processed)")\n                continue\n    \n            # Discover Variables (Python-Centric: scan what Python generated)\n            python_csv_files = sorted(py_dir.glob("*_python.csv"))\n            if not python_csv_files:\n                print(f"  -> [SKIP] No Python output files found")\n                continue\n    \n            # Extract variable names from Python files\n            variables = [f.stem.replace("_python", "") for f in python_csv_files]\n    \n            max_len = max((len(v) for v in variables), default=8)\n            max_len = max(max_len, 8)\n    \n            for var in variables:\n                total_checks += 1\n                py_csv = py_dir / f"{var}_python.csv"\n                mat_csv = mat_dir / f"{var}_matlab.csv"\n    \n                # Check if MATLAB reference exists (Skip if no reference, not FAIL)\n                if not mat_csv.exists():\n                    print(f"  [{var:<{max_len}}] -> [SKIP] No MATLAB reference")\n                    continue\n    \n                # Compare\n                result = comparator.compare_pair(py_csv, mat_csv)\n                status, diff = result['status'], result['max_diff_abs']\n    \n                msg = f"  [{var:<{max_len}}]: [Diff: {diff:.2e}] -> [{status:<8}]"\n    \n                if status == "PERFECT":\n                    print(msg)\n                else:\n                    print(f"{msg} <--- FAIL")\n                    failures.append(\n                        f"{display_name}/{var}: {status} (Diff: {diff:.2e})")\n    \n        # 4. Summary\n        print("-" * 60)\n        print(f"[SUMMARY] Verified {total_checks} files.")\n    \n        if failures:\n            print("\\n[FAILURES DETAILS]")\n            print("\\n".join(f"  x {f}" for f in failures))\n    \n>           raise AssertionError(f"Comparison failed for {len(failures)} item(s). check logs for details.")\nE           AssertionError: Comparison failed for 2 item(s). check logs for details.\n\npython\\tests\\compare\\_runner.py:118: AssertionError\n=========================== short test summary info ===========================\nFAILED python\\tests\\compare\\test_compare_err_hist_sine_phase.py::test_compare_err_hist_sine_phase\n!!!!!!!!!!!!!!!!!!!!!!!!!! stopping after 1 failures !!!!!!!!!!!!!!!!!!!!!!!!!!\n============================== 1 failed in 0.04s ==============================
=========================== short test summary info ===========================
FAILED python\tests\run_full_test_suite.py::test_full_suite_analog - Assertio...
FAILED python\tests\run_full_test_suite.py::test_full_suite_digital - Asserti...
FAILED python\tests\run_full_test_suite.py::test_full_suite_all - AssertionEr...
=================== 3 failed, 1 passed in 202.23s (0:03:22) ===================
